cpus=8
  <idle>-0       0d.h. 1686265520.172672618: local_timer_entry:    vector=236
  <idle>-0       0d.h. 1686265520.172678789: local_timer_exit:     vector=236
  <idle>-0       0d.h. 1686265520.176669749: local_timer_entry:    vector=236
  <idle>-0       0d.h. 1686265520.176673407: local_timer_exit:     vector=236
  <idle>-0       0d.h. 1686265520.196715356: reschedule_entry:     vector=253
  <idle>-0       0d.h. 1686265520.196718915: reschedule_exit:      vector=253
  <idle>-0       0d.h. 1686265520.247101023: irq_handler_entry:    irq=39 name=eno1-TxRx-1
  <idle>-0       0d.h. 1686265520.247104293: irq_handler_exit:     irq=39 ret=handled
  <idle>-0       0d.h. 1686265520.247129588: irq_handler_entry:    irq=39 name=eno1-TxRx-1
  <idle>-0       0d.h. 1686265520.247130051: irq_handler_exit:     irq=39 ret=handled
  <idle>-0       0d.h. 1686265520.248678604: local_timer_entry:    vector=236
  <idle>-0       0d.h. 1686265520.248685877: local_timer_exit:     vector=236
  <idle>-0       0d.h. 1686265520.276575613: irq_handler_entry:    irq=39 name=eno1-TxRx-1
  <idle>-0       0d.h. 1686265520.276577783: irq_handler_exit:     irq=39 ret=handled
  <idle>-0       0d.h. 1686265520.281912668: irq_handler_entry:    irq=39 name=eno1-TxRx-1
  <idle>-0       0d.h. 1686265520.281914824: irq_handler_exit:     irq=39 ret=handled
  <idle>-0       0dNh. 1686265520.281993870: irq_handler_entry:    irq=39 name=eno1-TxRx-1
  <idle>-0       0dNh. 1686265520.281994787: irq_handler_exit:     irq=39 ret=handled
  <idle>-0       0d.h. 1686265520.288660672: irq_handler_entry:    irq=39 name=eno1-TxRx-1
  <idle>-0       0d.h. 1686265520.288662835: irq_handler_exit:     irq=39 ret=handled
  <idle>-0       0d.h. 1686265520.288685378: irq_handler_entry:    irq=39 name=eno1-TxRx-1
  <idle>-0       0d.h. 1686265520.288685961: irq_handler_exit:     irq=39 ret=handled
  <idle>-0       0d.h. 1686265520.308868951: irq_handler_entry:    irq=39 name=eno1-TxRx-1
  <idle>-0       0d.h. 1686265520.308871161: irq_handler_exit:     irq=39 ret=handled
  <idle>-0       0d.h. 1686265520.317177150: irq_handler_entry:    irq=39 name=eno1-TxRx-1
  <idle>-0       0d.h. 1686265520.317179393: irq_handler_exit:     irq=39 ret=handled
  <idle>-0       0d.h. 1686265520.353411527: irq_handler_entry:    irq=39 name=eno1-TxRx-1
  <idle>-0       0d.h. 1686265520.353413697: irq_handler_exit:     irq=39 ret=handled
  <idle>-0       0d.h. 1686265520.356679834: local_timer_entry:    vector=236
  <idle>-0       0d.h. 1686265520.356686974: local_timer_exit:     vector=236
  <idle>-0       0d.h. 1686265520.360679491: local_timer_entry:    vector=236
  <idle>-0       0d.h. 1686265520.360686721: local_timer_exit:     vector=236
  <idle>-0       0d.h. 1686265520.364678069: local_timer_entry:    vector=236
  <idle>-0       0d.h. 1686265520.364685832: local_timer_exit:     vector=236
  <idle>-0       0d.h. 1686265520.368681354: local_timer_entry:    vector=236
  <idle>-0       0d.h. 1686265520.368688584: local_timer_exit:     vector=236
  <idle>-0       0d.h. 1686265520.492679998: local_timer_entry:    vector=236
  <idle>-0       0d.h. 1686265520.492687961: local_timer_exit:     vector=236
  <idle>-0       0d.h. 1686265520.596712020: reschedule_entry:     vector=253
  <idle>-0       0d.h. 1686265520.596714493: reschedule_exit:      vector=253
  <idle>-0       0d.h. 1686265520.788717046: reschedule_entry:     vector=253
  <idle>-0       0d.h. 1686265520.788719760: reschedule_exit:      vector=253
  <idle>-0       0d.h. 1686265521.044681388: local_timer_entry:    vector=236
  <idle>-0       0d.h. 1686265521.044688681: local_timer_exit:     vector=236
  <idle>-0       0d.h. 1686265521.396679929: irq_handler_entry:    irq=39 name=eno1-TxRx-1
  <idle>-0       0d.h. 1686265521.396682292: irq_handler_exit:     irq=39 ret=handled
  <idle>-0       0dNh. 1686265521.396753391: irq_handler_entry:    irq=39 name=eno1-TxRx-1
  <idle>-0       0dNh. 1686265521.396754421: irq_handler_exit:     irq=39 ret=handled
    sshd-27910   0d.h. 1686265521.396798721: irq_handler_entry:    irq=39 name=eno1-TxRx-1
    sshd-27910   0d.h. 1686265521.396799564: irq_handler_exit:     irq=39 ret=handled
  <idle>-0       0d.h. 1686265521.399963579: irq_handler_entry:    irq=39 name=eno1-TxRx-1
  <idle>-0       0d.h. 1686265521.399965745: irq_handler_exit:     irq=39 ret=handled
  <idle>-0       0d.h. 1686265521.399982602: irq_handler_entry:    irq=39 name=eno1-TxRx-1
  <idle>-0       0d.h. 1686265521.399983205: irq_handler_exit:     irq=39 ret=handled
  <idle>-0       0d.h. 1686265521.400677673: local_timer_entry:    vector=236
  <idle>-0       0d.h. 1686265521.400688360: local_timer_exit:     vector=236
  <idle>-0       0d.h. 1686265521.427299641: irq_handler_entry:    irq=39 name=eno1-TxRx-1
  <idle>-0       0d.h. 1686265521.427301798: irq_handler_exit:     irq=39 ret=handled
  <idle>-0       0d.h. 1686265521.428680544: local_timer_entry:    vector=236
  <idle>-0       0d.h. 1686265521.428687984: local_timer_exit:     vector=236
  <idle>-0       0d.h. 1686265521.430084984: irq_handler_entry:    irq=39 name=eno1-TxRx-1
  <idle>-0       0d.h. 1686265521.430087164: irq_handler_exit:     irq=39 ret=handled
  <idle>-0       0dNh. 1686265521.430149543: irq_handler_entry:    irq=39 name=eno1-TxRx-1
  <idle>-0       0dNh. 1686265521.430150450: irq_handler_exit:     irq=39 ret=handled
  <idle>-0       0d.h. 1686265521.433313571: irq_handler_entry:    irq=39 name=eno1-TxRx-1
  <idle>-0       0d.h. 1686265521.433315804: irq_handler_exit:     irq=39 ret=handled
  <idle>-0       0d.h. 1686265521.433334281: irq_handler_entry:    irq=39 name=eno1-TxRx-1
  <idle>-0       0d.h. 1686265521.433334864: irq_handler_exit:     irq=39 ret=handled
  <idle>-0       0d.h. 1686265521.463057524: irq_handler_entry:    irq=39 name=eno1-TxRx-1
  <idle>-0       0d.h. 1686265521.463059694: irq_handler_exit:     irq=39 ret=handled
  <idle>-0       0d.h. 1686265521.473208747: irq_handler_entry:    irq=39 name=eno1-TxRx-1
  <idle>-0       0d.h. 1686265521.473210957: irq_handler_exit:     irq=39 ret=handled
  <idle>-0       0d.h. 1686265521.476379698: irq_handler_entry:    irq=39 name=eno1-TxRx-1
  <idle>-0       0d.h. 1686265521.476381865: irq_handler_exit:     irq=39 ret=handled
  <idle>-0       0d.h. 1686265521.476400551: irq_handler_entry:    irq=39 name=eno1-TxRx-1
  <idle>-0       0d.h. 1686265521.476401144: irq_handler_exit:     irq=39 ret=handled
  <idle>-0       0d.h. 1686265521.506250209: irq_handler_entry:    irq=39 name=eno1-TxRx-1
  <idle>-0       0d.h. 1686265521.506252513: irq_handler_exit:     irq=39 ret=handled
  <idle>-0       0d.h. 1686265521.511671023: irq_handler_entry:    irq=39 name=eno1-TxRx-1
  <idle>-0       0d.h. 1686265521.511673206: irq_handler_exit:     irq=39 ret=handled
  <idle>-0       0d.h. 1686265521.512722717: reschedule_entry:     vector=253
  <idle>-0       0d.h. 1686265521.512725240: reschedule_exit:      vector=253
  <idle>-0       0d.h. 1686265521.514057077: irq_handler_entry:    irq=39 name=eno1-TxRx-1
  <idle>-0       0d.h. 1686265521.514059257: irq_handler_exit:     irq=39 ret=handled
  <idle>-0       0d.h. 1686265521.514077790: irq_handler_entry:    irq=39 name=eno1-TxRx-1
  <idle>-0       0d.h. 1686265521.514078374: irq_handler_exit:     irq=39 ret=handled
  <idle>-0       0d.h. 1686265521.545433611: irq_handler_entry:    irq=39 name=eno1-TxRx-1
  <idle>-0       0d.h. 1686265521.545435820: irq_handler_exit:     irq=39 ret=handled
  <idle>-0       0d.h. 1686265521.552683095: local_timer_entry:    vector=236
  <idle>-0       0d.h. 1686265521.552690505: local_timer_exit:     vector=236
  <idle>-0       0d.h. 1686265521.560682624: local_timer_entry:    vector=236
  <idle>-0       0d.h. 1686265521.560689721: local_timer_exit:     vector=236
  <idle>-0       0d.h. 1686265521.562180329: irq_handler_entry:    irq=39 name=eno1-TxRx-1
  <idle>-0       0d.h. 1686265521.562182509: irq_handler_exit:     irq=39 ret=handled
  <idle>-0       0d.h. 1686265521.564680779: local_timer_entry:    vector=236
  <idle>-0       0dNh. 1686265521.564695958: local_timer_exit:     vector=236
  <idle>-0       0d.h. 1686265521.565367264: irq_handler_entry:    irq=39 name=eno1-TxRx-1
  <idle>-0       0d.h. 1686265521.565369430: irq_handler_exit:     irq=39 ret=handled
  <idle>-0       0d.h. 1686265521.565387857: irq_handler_entry:    irq=39 name=eno1-TxRx-1
  <idle>-0       0d.h. 1686265521.565388463: irq_handler_exit:     irq=39 ret=handled
  <idle>-0       0d.h. 1686265521.595414813: irq_handler_entry:    irq=39 name=eno1-TxRx-1
  <idle>-0       0d.h. 1686265521.595416970: irq_handler_exit:     irq=39 ret=handled
  <idle>-0       0d.h. 1686265521.601070414: irq_handler_entry:    irq=39 name=eno1-TxRx-1
  <idle>-0       0d.h. 1686265521.601072594: irq_handler_exit:     irq=39 ret=handled
  <idle>-0       0d.h. 1686265521.604385853: irq_handler_entry:    irq=39 name=eno1-TxRx-1
  <idle>-0       0d.h. 1686265521.604388033: irq_handler_exit:     irq=39 ret=handled
  <idle>-0       0d.h. 1686265521.604406520: irq_handler_entry:    irq=39 name=eno1-TxRx-1
  <idle>-0       0d.h. 1686265521.604407100: irq_handler_exit:     irq=39 ret=handled
  <idle>-0       0d.h. 1686265521.635043482: irq_handler_entry:    irq=39 name=eno1-TxRx-1
  <idle>-0       0d.h. 1686265521.635045725: irq_handler_exit:     irq=39 ret=handled
  <idle>-0       0d.h. 1686265521.641805479: irq_handler_entry:    irq=39 name=eno1-TxRx-1
  <idle>-0       0d.h. 1686265521.641807669: irq_handler_exit:     irq=39 ret=handled
  <idle>-0       0d.h. 1686265521.644486843: irq_handler_entry:    irq=39 name=eno1-TxRx-1
  <idle>-0       0d.h. 1686265521.644489010: irq_handler_exit:     irq=39 ret=handled
  <idle>-0       0d.h. 1686265521.644507436: irq_handler_entry:    irq=39 name=eno1-TxRx-1
  <idle>-0       0d.h. 1686265521.644508026: irq_handler_exit:     irq=39 ret=handled
  <idle>-0       0d.h. 1686265521.672549193: irq_handler_entry:    irq=39 name=eno1-TxRx-1
  <idle>-0       0d.h. 1686265521.672551360: irq_handler_exit:     irq=39 ret=handled
  <idle>-0       0d.h. 1686265521.675661262: irq_handler_entry:    irq=39 name=eno1-TxRx-1
  <idle>-0       0d.h. 1686265521.675663442: irq_handler_exit:     irq=39 ret=handled
  <idle>-0       0d.h. 1686265521.676722766: reschedule_entry:     vector=253
  <idle>-0       0d.h. 1686265521.676725362: reschedule_exit:      vector=253
  <idle>-0       0d.h. 1686265521.678642506: irq_handler_entry:    irq=39 name=eno1-TxRx-1
  <idle>-0       0d.h. 1686265521.678644686: irq_handler_exit:     irq=39 ret=handled
  <idle>-0       0d.h. 1686265521.678663069: irq_handler_entry:    irq=39 name=eno1-TxRx-1
  <idle>-0       0d.h. 1686265521.678663652: irq_handler_exit:     irq=39 ret=handled
  <idle>-0       0d.h. 1686265521.706915737: irq_handler_entry:    irq=39 name=eno1-TxRx-1
  <idle>-0       0d.h. 1686265521.706917900: irq_handler_exit:     irq=39 ret=handled
  <idle>-0       0d.h. 1686265521.716681877: local_timer_entry:    vector=236
  <idle>-0       0d.h. 1686265521.716689104: local_timer_exit:     vector=236
  <idle>-0       0d.h. 1686265521.720682042: local_timer_entry:    vector=236
  <idle>-0       0d.h. 1686265521.720689512: local_timer_exit:     vector=236
  <idle>-0       0d.h. 1686265521.744759614: irq_handler_entry:    irq=39 name=eno1-TxRx-1
  <idle>-0       0d.h. 1686265521.744761771: irq_handler_exit:     irq=39 ret=handled
  <idle>-0       0d.h. 1686265521.747947542: irq_handler_entry:    irq=39 name=eno1-TxRx-1
  <idle>-0       0d.h. 1686265521.747949705: irq_handler_exit:     irq=39 ret=handled
  <idle>-0       0d.h. 1686265521.747968505: irq_handler_entry:    irq=39 name=eno1-TxRx-1
  <idle>-0       0d.h. 1686265521.747969088: irq_handler_exit:     irq=39 ret=handled
  <idle>-0       0d.h. 1686265521.776211003: irq_handler_entry:    irq=39 name=eno1-TxRx-1
  <idle>-0       0d.h. 1686265521.776213186: irq_handler_exit:     irq=39 ret=handled
  <idle>-0       0d.h. 1686265521.788682397: local_timer_entry:    vector=236
  <idle>-0       0d.h. 1686265521.788689557: local_timer_exit:     vector=236
  <idle>-0       0d.h. 1686265521.884683171: local_timer_entry:    vector=236
  <idle>-0       0d.h. 1686265521.884690337: local_timer_exit:     vector=236
  <idle>-0       0d.h. 1686265521.952683019: local_timer_entry:    vector=236
  <idle>-0       0d.h. 1686265521.952690589: local_timer_exit:     vector=236
  <idle>-0       0d.h. 1686265522.068683378: local_timer_entry:    vector=236
  <idle>-0       0d.h. 1686265522.068690522: local_timer_exit:     vector=236
  <idle>-0       0d.h. 1686265522.164683282: local_timer_entry:    vector=236
  <idle>-0       0d.h. 1686265522.164690358: local_timer_exit:     vector=236
  <idle>-0       0d.h. 1686265522.244678247: local_timer_entry:    vector=236
  <idle>-0       0d.h. 1686265522.244686740: local_timer_exit:     vector=236
  <idle>-0       0d.h. 1686265522.248681082: local_timer_entry:    vector=236
  <idle>-0       0d.h. 1686265522.248692311: local_timer_exit:     vector=236
  <idle>-0       0d.h. 1686265522.252679983: local_timer_entry:    vector=236
  <idle>-0       0d.h. 1686265522.252690479: local_timer_exit:     vector=236
    cg.W-29954   0d.h. 1686265522.256678587: local_timer_entry:    vector=236
    cg.W-29954   0d.h. 1686265522.256696677: local_timer_exit:     vector=236
    cg.W-29954   0d.h. 1686265522.260676215: local_timer_entry:    vector=236
    cg.W-29954   0d.h. 1686265522.260686098: local_timer_exit:     vector=236
    cg.W-29954   0d.h. 1686265522.262693924: irq_handler_entry:    irq=39 name=eno1-TxRx-1
    cg.W-29954   0d.h. 1686265522.262695574: irq_handler_exit:     irq=39 ret=handled
    cg.W-29954   0d.h. 1686265522.262737876: irq_handler_entry:    irq=39 name=eno1-TxRx-1
    cg.W-29954   0d.h. 1686265522.262738583: irq_handler_exit:     irq=39 ret=handled
    cg.W-29954   0d.h. 1686265522.264675953: local_timer_entry:    vector=236
    cg.W-29954   0d.h. 1686265522.264686539: local_timer_exit:     vector=236
    cg.W-29954   0d.h. 1686265522.266875686: irq_handler_entry:    irq=39 name=eno1-TxRx-1
    cg.W-29954   0d.h. 1686265522.266876779: irq_handler_exit:     irq=39 ret=handled
    cg.W-29954   0d.h. 1686265522.266922452: irq_handler_entry:    irq=39 name=eno1-TxRx-1
    cg.W-29954   0d.h. 1686265522.266923139: irq_handler_exit:     irq=39 ret=handled
    cg.W-29954   0d.h. 1686265522.268676161: local_timer_entry:    vector=236
    cg.W-29954   0d.h. 1686265522.268689460: local_timer_exit:     vector=236
    cg.W-29954   0d.h. 1686265522.272675637: local_timer_entry:    vector=236
    cg.W-29954   0d.h. 1686265522.272682308: local_timer_exit:     vector=236
    cg.W-29954   0d.h. 1686265522.276675588: local_timer_entry:    vector=236
    cg.W-29954   0d.h. 1686265522.276682693: local_timer_exit:     vector=236
    cg.W-29954   0d.h. 1686265522.280675984: local_timer_entry:    vector=236
    cg.W-29954   0d.h. 1686265522.280685037: local_timer_exit:     vector=236
    cg.W-29954   0d.h. 1686265522.284675915: local_timer_entry:    vector=236
    cg.W-29954   0d.h. 1686265522.284682430: local_timer_exit:     vector=236
    cg.W-29954   0d.h. 1686265522.288675782: local_timer_entry:    vector=236
    cg.W-29954   0d.h. 1686265522.288682290: local_timer_exit:     vector=236
    cg.W-29954   0d.h. 1686265522.292675844: local_timer_entry:    vector=236
    cg.W-29954   0d.h. 1686265522.292682415: local_timer_exit:     vector=236
    cg.W-29954   0d.h. 1686265522.296676619: local_timer_entry:    vector=236
    cg.W-29954   0d.h. 1686265522.296684497: local_timer_exit:     vector=236
    cg.W-29954   0d.H. 1686265522.296686919: irq_work_entry:       vector=246
    cg.W-29954   0d.H. 1686265522.296692966: irq_work_exit:        vector=246
    cg.W-29954   0d.h. 1686265522.299425781: irq_handler_entry:    irq=39 name=eno1-TxRx-1
    cg.W-29954   0d.h. 1686265522.299427495: irq_handler_exit:     irq=39 ret=handled
    cg.W-29954   0d.h. 1686265522.299708631: irq_handler_entry:    irq=39 name=eno1-TxRx-1
    cg.W-29954   0d.h. 1686265522.299709389: irq_handler_exit:     irq=39 ret=handled
    cg.W-29954   0d.h. 1686265522.300676250: local_timer_entry:    vector=236
    cg.W-29954   0d.h. 1686265522.300684077: local_timer_exit:     vector=236
    cg.W-29954   0d.h. 1686265522.304105386: irq_handler_entry:    irq=39 name=eno1-TxRx-1
    cg.W-29954   0d.h. 1686265522.304106129: irq_handler_exit:     irq=39 ret=handled
    cg.W-29954   0d.h. 1686265522.304152992: irq_handler_entry:    irq=39 name=eno1-TxRx-1
    cg.W-29954   0d.h. 1686265522.304153664: irq_handler_exit:     irq=39 ret=handled
    cg.W-29954   0d.h. 1686265522.304237856: irq_handler_entry:    irq=39 name=eno1-TxRx-1
    cg.W-29954   0d.h. 1686265522.304238536: irq_handler_exit:     irq=39 ret=handled
    cg.W-29954   0d.h. 1686265522.304675799: local_timer_entry:    vector=236
    cg.W-29954   0d.h. 1686265522.304684402: local_timer_exit:     vector=236
    cg.W-29954   0d.h. 1686265522.308675782: local_timer_entry:    vector=236
    cg.W-29954   0d.h. 1686265522.308682126: local_timer_exit:     vector=236
    cg.W-29954   0d.h. 1686265522.312675790: local_timer_entry:    vector=236
    cg.W-29954   0d.h. 1686265522.312682073: local_timer_exit:     vector=236
    cg.W-29954   0d.h. 1686265522.316675775: local_timer_entry:    vector=236
    cg.W-29954   0d.h. 1686265522.316682017: local_timer_exit:     vector=236
    cg.W-29954   0d.h. 1686265522.320675799: local_timer_entry:    vector=236
    cg.W-29954   0d.h. 1686265522.320681090: local_timer_exit:     vector=236
    cg.W-29954   0d.h. 1686265522.324675804: local_timer_entry:    vector=236
    cg.W-29954   0d.h. 1686265522.324680977: local_timer_exit:     vector=236
    cg.W-29954   0d.h. 1686265522.324832671: irq_handler_entry:    irq=39 name=eno1-TxRx-1
    cg.W-29954   0d.h. 1686265522.324833233: irq_handler_exit:     irq=39 ret=handled
    cg.W-29954   0d.h. 1686265522.328675795: local_timer_entry:    vector=236
    cg.W-29954   0d.h. 1686265522.328682082: local_timer_exit:     vector=236
    cg.W-29954   0d.h. 1686265522.332675806: local_timer_entry:    vector=236
    cg.W-29954   0d.h. 1686265522.332681170: local_timer_exit:     vector=236
    cg.W-29954   0d.h. 1686265522.336675817: local_timer_entry:    vector=236
    cg.W-29954   0d.h. 1686265522.336679839: local_timer_exit:     vector=236
    cg.W-29954   0d.h. 1686265522.340675839: local_timer_entry:    vector=236
    cg.W-29954   0d.h. 1686265522.340681253: local_timer_exit:     vector=236
    cg.W-29954   0d.h. 1686265522.344675848: local_timer_entry:    vector=236
    cg.W-29954   0d.h. 1686265522.344681075: local_timer_exit:     vector=236
    cg.W-29954   0d.h. 1686265522.348675850: local_timer_entry:    vector=236
    cg.W-29954   0d.h. 1686265522.348681166: local_timer_exit:     vector=236
    cg.W-29954   0d.h. 1686265522.352675853: local_timer_entry:    vector=236
    cg.W-29954   0d.h. 1686265522.352680433: local_timer_exit:     vector=236
    cg.W-29954   0d.h. 1686265522.356675864: local_timer_entry:    vector=236
    cg.W-29954   0d.h. 1686265522.356679830: local_timer_exit:     vector=236
    cg.W-29954   0d.h. 1686265522.360676313: local_timer_entry:    vector=236
    cg.W-29954   0d.h. 1686265522.360684210: local_timer_exit:     vector=236
    cg.W-29954   0d.h. 1686265522.364675939: local_timer_entry:    vector=236
    cg.W-29954   0d.h. 1686265522.364681555: local_timer_exit:     vector=236
    cg.W-29954   0d.h. 1686265522.368675930: local_timer_entry:    vector=236
    cg.W-29954   0d.h. 1686265522.368680242: local_timer_exit:     vector=236
    cg.W-29954   0d.h. 1686265522.372675906: local_timer_entry:    vector=236
    cg.W-29954   0d.h. 1686265522.372680026: local_timer_exit:     vector=236
    cg.W-29954   0d.h. 1686265522.376675926: local_timer_entry:    vector=236
    cg.W-29954   0d.h. 1686265522.376680537: local_timer_exit:     vector=236
    cg.W-29954   0d.h. 1686265522.380675875: local_timer_entry:    vector=236
    cg.W-29954   0d.h. 1686265522.380679953: local_timer_exit:     vector=236
    cg.W-29954   0d.h. 1686265522.384675957: local_timer_entry:    vector=236
    cg.W-29954   0d.h. 1686265522.384681239: local_timer_exit:     vector=236
    cg.W-29954   0d.h. 1686265522.388676408: local_timer_entry:    vector=236
    cg.W-29954   0d.h. 1686265522.388684057: local_timer_exit:     vector=236
    cg.W-29954   0d.h. 1686265522.392676013: local_timer_entry:    vector=236
    cg.W-29954   0d.h. 1686265522.392681139: local_timer_exit:     vector=236
    cg.W-29954   0d.h. 1686265522.396676028: local_timer_entry:    vector=236
    cg.W-29954   0d.h. 1686265522.396681608: local_timer_exit:     vector=236
    cg.W-29954   0d.h. 1686265522.400676075: local_timer_entry:    vector=236
    cg.W-29954   0d.h. 1686265522.400681890: local_timer_exit:     vector=236
    cg.W-29954   0d.h. 1686265522.404676026: local_timer_entry:    vector=236
    cg.W-29954   0d.h. 1686265522.404681455: local_timer_exit:     vector=236
    cg.W-29954   0d.h. 1686265522.408676037: local_timer_entry:    vector=236
    cg.W-29954   0d.h. 1686265522.408680548: local_timer_exit:     vector=236
    cg.W-29954   0d.h. 1686265522.412676068: local_timer_entry:    vector=236
    cg.W-29954   0d.h. 1686265522.412681104: local_timer_exit:     vector=236
    cg.W-29954   0d.h. 1686265522.416676468: local_timer_entry:    vector=236
    cg.W-29954   0d.h. 1686265522.416683335: local_timer_exit:     vector=236
    cg.W-29954   0d.h. 1686265522.420676068: local_timer_entry:    vector=236
    cg.W-29954   0d.h. 1686265522.420681850: local_timer_exit:     vector=236
    cg.W-29954   0d.h. 1686265522.424676128: local_timer_entry:    vector=236
    cg.W-29954   0d.h. 1686265522.424682741: local_timer_exit:     vector=236
    cg.W-29954   0d.h. 1686265522.428676044: local_timer_entry:    vector=236
    cg.W-29954   0d.h. 1686265522.428680268: local_timer_exit:     vector=236
    cg.W-29954   0d.h. 1686265522.432676062: local_timer_entry:    vector=236
    cg.W-29954   0d.h. 1686265522.432681573: local_timer_exit:     vector=236
    cg.W-29954   0d.h. 1686265522.436676075: local_timer_entry:    vector=236
    cg.W-29954   0d.h. 1686265522.436680790: local_timer_exit:     vector=236
    cg.W-29954   0d.h. 1686265522.440676108: local_timer_entry:    vector=236
    cg.W-29954   0d.h. 1686265522.440680137: local_timer_exit:     vector=236
    cg.W-29954   0d.h. 1686265522.444676422: local_timer_entry:    vector=236
    cg.W-29954   0d.h. 1686265522.444683370: local_timer_exit:     vector=236
    cg.W-29954   0d.h. 1686265522.448676128: local_timer_entry:    vector=236
    cg.W-29954   0d.h. 1686265522.448681635: local_timer_exit:     vector=236
    cg.W-29954   0d.h. 1686265522.452676130: local_timer_entry:    vector=236
    cg.W-29954   0d.h. 1686265522.452681308: local_timer_exit:     vector=236
    cg.W-29954   0d.h. 1686265522.456676159: local_timer_entry:    vector=236
    cg.W-29954   0d.h. 1686265522.456680621: local_timer_exit:     vector=236
    cg.W-29954   0d.h. 1686265522.460676159: local_timer_entry:    vector=236
    cg.W-29954   0d.h. 1686265522.460682299: local_timer_exit:     vector=236
    cg.W-29954   0d.h. 1686265522.464676177: local_timer_entry:    vector=236
    cg.W-29954   0d.h. 1686265522.464680201: local_timer_exit:     vector=236
    cg.W-29954   0d.h. 1686265522.468676182: local_timer_entry:    vector=236
    cg.W-29954   0d.h. 1686265522.468681399: local_timer_exit:     vector=236
    cg.W-29954   0d.h. 1686265522.472676539: local_timer_entry:    vector=236
    cg.W-29954   0d.h. 1686265522.472684137: local_timer_exit:     vector=236
    cg.W-29954   0d.h. 1686265522.476676210: local_timer_entry:    vector=236
    cg.W-29954   0d.h. 1686265522.476681415: local_timer_exit:     vector=236
    cg.W-29954   0d.h. 1686265522.480676208: local_timer_entry:    vector=236
    cg.W-29954   0d.h. 1686265522.480680201: local_timer_exit:     vector=236
    cg.W-29954   0d.h. 1686265522.484676239: local_timer_entry:    vector=236
    cg.W-29954   0d.h. 1686265522.484680975: local_timer_exit:     vector=236
    cg.W-29954   0d.h. 1686265522.488676235: local_timer_entry:    vector=236
    cg.W-29954   0d.h. 1686265522.488680219: local_timer_exit:     vector=236
    cg.W-29954   0d.h. 1686265522.492676250: local_timer_entry:    vector=236
    cg.W-29954   0d.h. 1686265522.492680844: local_timer_exit:     vector=236
    cg.W-29954   0d.h. 1686265522.496676270: local_timer_entry:    vector=236
    cg.W-29954   0d.h. 1686265522.496682255: local_timer_exit:     vector=236
    cg.W-29954   0d.h. 1686265522.500676713: local_timer_entry:    vector=236
    cg.W-29954   0d.h. 1686265522.500683581: local_timer_exit:     vector=236
    cg.W-29954   0d.h. 1686265522.504676284: local_timer_entry:    vector=236
    cg.W-29954   0d.h. 1686265522.504680604: local_timer_exit:     vector=236
    cg.W-29954   0d.h. 1686265522.508676315: local_timer_entry:    vector=236
    cg.W-29954   0d.h. 1686265522.508682750: local_timer_exit:     vector=236
    cg.W-29954   0d.h. 1686265522.512676341: local_timer_entry:    vector=236
    cg.W-29954   0d.h. 1686265522.512682121: local_timer_exit:     vector=236
    cg.W-29954   0d.h. 1686265522.516676308: local_timer_entry:    vector=236
    cg.W-29954   0d.h. 1686265522.516680435: local_timer_exit:     vector=236
    cg.W-29954   0d.h. 1686265522.520676517: local_timer_entry:    vector=236
    cg.W-29954   0d.h. 1686265522.520682684: local_timer_exit:     vector=236
    cg.W-29954   0d.h. 1686265522.524676319: local_timer_entry:    vector=236
    cg.W-29954   0d.h. 1686265522.524681904: local_timer_exit:     vector=236
    cg.W-29954   0d.h. 1686265522.528676699: local_timer_entry:    vector=236
    cg.W-29954   0d.h. 1686265522.528683481: local_timer_exit:     vector=236
    cg.W-29954   0d.h. 1686265522.532676375: local_timer_entry:    vector=236
    cg.W-29954   0d.h. 1686265522.532681708: local_timer_exit:     vector=236
    cg.W-29954   0d.h. 1686265522.536676377: local_timer_entry:    vector=236
    cg.W-29954   0d.h. 1686265522.536680506: local_timer_exit:     vector=236
    cg.W-29954   0d.h. 1686265522.540676373: local_timer_entry:    vector=236
    cg.W-29954   0d.h. 1686265522.540680404: local_timer_exit:     vector=236
    cg.W-29954   0d.h. 1686265522.544676379: local_timer_entry:    vector=236
    cg.W-29954   0d.h. 1686265522.544681106: local_timer_exit:     vector=236
    cg.W-29954   0d.h. 1686265522.548676446: local_timer_entry:    vector=236
    cg.W-29954   0d.h. 1686265522.548680710: local_timer_exit:     vector=236
    cg.W-29954   0d.h. 1686265522.552676397: local_timer_entry:    vector=236
    cg.W-29954   0d.h. 1686265522.552682157: local_timer_exit:     vector=236
    cg.W-29954   0d.h. 1686265522.556676704: local_timer_entry:    vector=236
    cg.W-29954   0d.h. 1686265522.556684426: local_timer_exit:     vector=236
    cg.W-29954   0d.h. 1686265522.560676424: local_timer_entry:    vector=236
    cg.W-29954   0d.h. 1686265522.560681341: local_timer_exit:     vector=236
    cg.W-29954   0d.h. 1686265522.564676535: local_timer_entry:    vector=236
    cg.W-29954   0d.h. 1686265522.564681813: local_timer_exit:     vector=236
    cg.W-29954   0d.h. 1686265522.568676413: local_timer_entry:    vector=236
    cg.W-29954   0d.h. 1686265522.568681253: local_timer_exit:     vector=236
    cg.W-29954   0d.h. 1686265522.572676373: local_timer_entry:    vector=236
    cg.W-29954   0d.h. 1686265522.572680368: local_timer_exit:     vector=236
    cg.W-29954   0d.h. 1686265522.576676453: local_timer_entry:    vector=236
    cg.W-29954   0d.h. 1686265522.576680586: local_timer_exit:     vector=236
    cg.W-29954   0d.h. 1686265522.580676461: local_timer_entry:    vector=236
    cg.W-29954   0d.h. 1686265522.580680977: local_timer_exit:     vector=236
    cg.W-29954   0d.h. 1686265522.584676757: local_timer_entry:    vector=236
    cg.W-29954   0d.h. 1686265522.584683408: local_timer_exit:     vector=236
    cg.W-29954   0d.h. 1686265522.588676521: local_timer_entry:    vector=236
    cg.W-29954   0d.h. 1686265522.588680888: local_timer_exit:     vector=236
    cg.W-29954   0d.h. 1686265522.592676508: local_timer_entry:    vector=236
    cg.W-29954   0d.h. 1686265522.592681444: local_timer_exit:     vector=236
    cg.W-29954   0d.h. 1686265522.596676586: local_timer_entry:    vector=236
    cg.W-29954   0d.h. 1686265522.596681859: local_timer_exit:     vector=236
    cg.W-29954   0d.h. 1686265522.600676570: local_timer_entry:    vector=236
    cg.W-29954   0d.h. 1686265522.600681135: local_timer_exit:     vector=236
    cg.W-29954   0d.h. 1686265522.604676593: local_timer_entry:    vector=236
    cg.W-29954   0d.h. 1686265522.604683179: local_timer_exit:     vector=236
    cg.W-29954   0d.h. 1686265522.608676544: local_timer_entry:    vector=236
    cg.W-29954   0d.h. 1686265522.608681132: local_timer_exit:     vector=236
    cg.W-29954   0d.h. 1686265522.612676888: local_timer_entry:    vector=236
    cg.W-29954   0d.h. 1686265522.612683875: local_timer_exit:     vector=236
    cg.W-29954   0d.h. 1686265522.616676639: local_timer_entry:    vector=236
    cg.W-29954   0d.h. 1686265522.616681975: local_timer_exit:     vector=236
    cg.W-29954   0d.h. 1686265522.620676586: local_timer_entry:    vector=236
    cg.W-29954   0d.h. 1686265522.620681935: local_timer_exit:     vector=236
    cg.W-29954   0d.h. 1686265522.624676657: local_timer_entry:    vector=236
    cg.W-29954   0d.h. 1686265522.624681548: local_timer_exit:     vector=236
    cg.W-29954   0d.h. 1686265522.628676597: local_timer_entry:    vector=236
    cg.W-29954   0d.h. 1686265522.628681970: local_timer_exit:     vector=236
    cg.W-29954   0d.h. 1686265522.632676610: local_timer_entry:    vector=236
    cg.W-29954   0d.h. 1686265522.632681930: local_timer_exit:     vector=236
    cg.W-29954   0d.h. 1686265522.636676621: local_timer_entry:    vector=236
    cg.W-29954   0d.h. 1686265522.636680586: local_timer_exit:     vector=236
    cg.W-29954   0d.h. 1686265522.640676919: local_timer_entry:    vector=236
    cg.W-29954   0d.h. 1686265522.640684617: local_timer_exit:     vector=236
    cg.W-29954   0d.h. 1686265522.644676657: local_timer_entry:    vector=236
    cg.W-29954   0d.h. 1686265522.644681108: local_timer_exit:     vector=236
    cg.W-29954   0d.h. 1686265522.648676670: local_timer_entry:    vector=236
    cg.W-29954   0d.h. 1686265522.648680777: local_timer_exit:     vector=236
    cg.W-29954   0d.h. 1686265522.652676666: local_timer_entry:    vector=236
    cg.W-29954   0d.h. 1686265522.652682650: local_timer_exit:     vector=236
    cg.W-29954   0d.h. 1686265522.656676670: local_timer_entry:    vector=236
    cg.W-29954   0d.h. 1686265522.656680686: local_timer_exit:     vector=236
    cg.W-29954   0d.h. 1686265522.660676677: local_timer_entry:    vector=236
    cg.W-29954   0d.h. 1686265522.660681961: local_timer_exit:     vector=236
    cg.W-29954   0d.h. 1686265522.664676670: local_timer_entry:    vector=236
    cg.W-29954   0d.h. 1686265522.664681788: local_timer_exit:     vector=236
    cg.W-29954   0d.h. 1686265522.668676986: local_timer_entry:    vector=236
    cg.W-29954   0d.h. 1686265522.668683581: local_timer_exit:     vector=236
    cg.W-29954   0d.h. 1686265522.672676721: local_timer_entry:    vector=236
    cg.W-29954   0d.h. 1686265522.672682106: local_timer_exit:     vector=236
    cg.W-29954   0d.h. 1686265522.676676730: local_timer_entry:    vector=236
    cg.W-29954   0d.h. 1686265522.676681779: local_timer_exit:     vector=236
    cg.W-29954   0d.h. 1686265522.680676739: local_timer_entry:    vector=236
    cg.W-29954   0d.h. 1686265522.680680832: local_timer_exit:     vector=236
    cg.W-29954   0d.h. 1686265522.684676741: local_timer_entry:    vector=236
    cg.W-29954   0d.h. 1686265522.684680766: local_timer_exit:     vector=236
    cg.W-29954   0d.h. 1686265522.688676753: local_timer_entry:    vector=236
    cg.W-29954   0d.h. 1686265522.688681308: local_timer_exit:     vector=236
    cg.W-29954   0d.h. 1686265522.692676773: local_timer_entry:    vector=236
    cg.W-29954   0d.h. 1686265522.692680739: local_timer_exit:     vector=236
    cg.W-29954   0d.h. 1686265522.696677070: local_timer_entry:    vector=236
    cg.W-29954   0d.h. 1686265522.696683932: local_timer_exit:     vector=236
    cg.W-29954   0d.h. 1686265522.700676795: local_timer_entry:    vector=236
    cg.W-29954   0d.h. 1686265522.700683835: local_timer_exit:     vector=236
    cg.W-29954   0d.h. 1686265522.704676813: local_timer_entry:    vector=236
    cg.W-29954   0d.h. 1686265522.704682235: local_timer_exit:     vector=236
    cg.W-29954   0d.h. 1686265522.708676801: local_timer_entry:    vector=236
    cg.W-29954   0d.h. 1686265522.708680859: local_timer_exit:     vector=236
    cg.W-29954   0d.h. 1686265522.712676821: local_timer_entry:    vector=236
    cg.W-29954   0d.h. 1686265522.712681381: local_timer_exit:     vector=236
    cg.W-29954   0d.h. 1686265522.716676824: local_timer_entry:    vector=236
    cg.W-29954   0d.h. 1686265522.716680808: local_timer_exit:     vector=236
    cg.W-29954   0d.h. 1686265522.720676815: local_timer_entry:    vector=236
    cg.W-29954   0d.h. 1686265522.720680752: local_timer_exit:     vector=236
    cg.W-29954   0d.h. 1686265522.724677197: local_timer_entry:    vector=236
    cg.W-29954   0d.h. 1686265522.724684852: local_timer_exit:     vector=236
    cg.W-29954   0d.h. 1686265522.728676875: local_timer_entry:    vector=236
    cg.W-29954   0d.h. 1686265522.728681221: local_timer_exit:     vector=236
    cg.W-29954   0d.h. 1686265522.732676859: local_timer_entry:    vector=236
    cg.W-29954   0d.h. 1686265522.732680941: local_timer_exit:     vector=236
    cg.W-29954   0d.h. 1686265522.736676884: local_timer_entry:    vector=236
    cg.W-29954   0d.h. 1686265522.736683508: local_timer_exit:     vector=236
    cg.W-29954   0d.h. 1686265522.740676886: local_timer_entry:    vector=236
    cg.W-29954   0d.h. 1686265522.740682524: local_timer_exit:     vector=236
    cg.W-29954   0d.h. 1686265522.744676901: local_timer_entry:    vector=236
    cg.W-29954   0d.h. 1686265522.744682041: local_timer_exit:     vector=236
    cg.W-29954   0d.h. 1686265522.748676904: local_timer_entry:    vector=236
    cg.W-29954   0d.h. 1686265522.748681710: local_timer_exit:     vector=236
  <idle>-0       0d.h. 1686265522.752677824: local_timer_entry:    vector=236
  <idle>-0       0d.h. 1686265522.752684041: local_timer_exit:     vector=236
  <idle>-0       0d.h. 1686265522.756680152: local_timer_entry:    vector=236
  <idle>-0       0d.h. 1686265522.756688988: local_timer_exit:     vector=236
  <idle>-0       0d.h. 1686265522.760681257: local_timer_entry:    vector=236
  <idle>-0       0d.h. 1686265522.760691567: local_timer_exit:     vector=236
  <idle>-0       0d.h. 1686265522.764682961: local_timer_entry:    vector=236
  <idle>-0       0d.h. 1686265522.764693528: local_timer_exit:     vector=236
  <idle>-0       0d.h. 1686265522.768681582: local_timer_entry:    vector=236
  <idle>-0       0d.h. 1686265522.768689449: local_timer_exit:     vector=236
  <idle>-0       0d.h. 1686265522.772681570: local_timer_entry:    vector=236
  <idle>-0       0d.h. 1686265522.772692007: local_timer_exit:     vector=236
  <idle>-0       0d.h. 1686265522.776681381: local_timer_entry:    vector=236
  <idle>-0       0d.h. 1686265522.776689405: local_timer_exit:     vector=236
  <idle>-0       0d.h. 1686265522.780683616: local_timer_entry:    vector=236
  <idle>-0       0d.h. 1686265522.780693622: local_timer_exit:     vector=236
  <idle>-0       0d.h. 1686265522.784682743: local_timer_entry:    vector=236
  <idle>-0       0d.h. 1686265522.784691563: local_timer_exit:     vector=236
  <idle>-0       0d.h. 1686265522.788681435: local_timer_entry:    vector=236
  <idle>-0       0d.h. 1686265522.788691388: local_timer_exit:     vector=236
  <idle>-0       0d.h. 1686265522.792682789: local_timer_entry:    vector=236
  <idle>-0       0d.h. 1686265522.792692452: local_timer_exit:     vector=236
  <idle>-0       0d.h. 1686265522.796681384: local_timer_entry:    vector=236
  <idle>-0       0d.h. 1686265522.796692373: local_timer_exit:     vector=236
  <idle>-0       0d.h. 1686265522.800681505: local_timer_entry:    vector=236
  <idle>-0       0d.h. 1686265522.800689615: local_timer_exit:     vector=236
  <idle>-0       0d.h. 1686265522.804681666: local_timer_entry:    vector=236
  <idle>-0       0d.h. 1686265522.804692509: local_timer_exit:     vector=236
  <idle>-0       0d.h. 1686265522.808681390: local_timer_entry:    vector=236
  <idle>-0       0d.h. 1686265522.808689417: local_timer_exit:     vector=236
  <idle>-0       0d.h. 1686265522.812682215: local_timer_entry:    vector=236
  <idle>-0       0d.h. 1686265522.812692248: local_timer_exit:     vector=236
  <idle>-0       0d.h. 1686265522.816681456: local_timer_entry:    vector=236
  <idle>-0       0d.h. 1686265522.816689412: local_timer_exit:     vector=236
  <idle>-0       0d.h. 1686265522.820681980: local_timer_entry:    vector=236
  <idle>-0       0d.h. 1686265522.820692030: local_timer_exit:     vector=236
  <idle>-0       0d.h. 1686265522.945812337: irq_handler_entry:    irq=39 name=eno1-TxRx-1
  <idle>-0       0d.h. 1686265522.945814501: irq_handler_exit:     irq=39 ret=handled
  <idle>-0       0d.h. 1686265522.945826061: irq_handler_entry:    irq=39 name=eno1-TxRx-1
  <idle>-0       0d.h. 1686265522.945826624: irq_handler_exit:     irq=39 ret=handled
  <idle>-0       0d.h. 1686265522.948686096: local_timer_entry:    vector=236
  <idle>-0       0d.h. 1686265522.948693102: local_timer_exit:     vector=236
  <idle>-0       0d.h. 1686265522.974286936: irq_handler_entry:    irq=39 name=eno1-TxRx-1
  <idle>-0       0d.h. 1686265522.974289153: irq_handler_exit:     irq=39 ret=handled
  <idle>-0       0d.h. 1686265523.092687069: local_timer_entry:    vector=236
  <idle>-0       0d.h. 1686265523.092694262: local_timer_exit:     vector=236
  <idle>-0       0d.h. 1686265523.400720031: reschedule_entry:     vector=253
  <idle>-0       0d.h. 1686265523.400723040: reschedule_exit:      vector=253
  <idle>-0       0d.h. 1686265523.412685268: local_timer_entry:    vector=236
  <idle>-0       0d.h. 1686265523.412692741: local_timer_exit:     vector=236
  <idle>-0       0d.h. 1686265523.626298767: irq_handler_entry:    irq=39 name=eno1-TxRx-1
  <idle>-0       0d.h. 1686265523.626301157: irq_handler_exit:     irq=39 ret=handled
  <idle>-0       0d.h. 1686265523.626320283: irq_handler_entry:    irq=39 name=eno1-TxRx-1
  <idle>-0       0d.h. 1686265523.626320900: irq_handler_exit:     irq=39 ret=handled
  <idle>-0       0d.h. 1686265523.714924890: irq_handler_entry:    irq=39 name=eno1-TxRx-1
  <idle>-0       0d.h. 1686265523.714927060: irq_handler_exit:     irq=39 ret=handled
  <idle>-0       0d.h. 1686265523.924687140: local_timer_entry:    vector=236
  <idle>-0       0d.h. 1686265523.924694319: local_timer_exit:     vector=236
  <idle>-0       0d.h. 1686265524.036742063: reschedule_entry:     vector=253
  <idle>-0       0d.h. 1686265524.036744507: reschedule_exit:      vector=253
  <idle>-0       0d.h. 1686265524.116688153: local_timer_entry:    vector=236
  <idle>-0       0d.h. 1686265524.116695299: local_timer_exit:     vector=236
  <idle>-0       0d.h. 1686265524.162314835: irq_handler_entry:    irq=39 name=eno1-TxRx-1
  <idle>-0       0d.h. 1686265524.162316938: irq_handler_exit:     irq=39 ret=handled
  <idle>-0       0d.h. 1686265524.162549969: irq_handler_entry:    irq=39 name=eno1-TxRx-1
  <idle>-0       0d.h. 1686265524.162551146: irq_handler_exit:     irq=39 ret=handled
    sshd-27910   0d.h. 1686265524.162607875: irq_handler_entry:    irq=39 name=eno1-TxRx-1
    sshd-27910   0d.h. 1686265524.162608901: irq_handler_exit:     irq=39 ret=handled
  <idle>-0       0d.h. 1686265524.164686126: local_timer_entry:    vector=236
  <idle>-0       0d.h. 1686265524.164696879: local_timer_exit:     vector=236
  <idle>-0       0d.h. 1686265524.204688227: local_timer_entry:    vector=236
  <idle>-0       0d.h. 1686265524.204695430: local_timer_exit:     vector=236
  <idle>-0       0d.h. 1686265524.208687428: local_timer_entry:    vector=236
  <idle>-0       0d.h. 1686265524.208694498: local_timer_exit:     vector=236
  <idle>-0       0d.h. 1686265524.308879097: irq_handler_entry:    irq=39 name=eno1-TxRx-1
  <idle>-0       0d.h. 1686265524.308881200: irq_handler_exit:     irq=39 ret=handled
  <idle>-0       0d.h. 1686265524.372689250: local_timer_entry:    vector=236
  <idle>-0       0d.h. 1686265524.372696727: local_timer_exit:     vector=236
  <idle>-0       0d.h. 1686265524.376688135: local_timer_entry:    vector=236
  <idle>-0       0d.h. 1686265524.376698771: local_timer_exit:     vector=236
  <idle>-0       0d.h. 1686265525.036728871: reschedule_entry:     vector=253
  <idle>-0       0d.h. 1686265525.036731564: reschedule_exit:      vector=253
  <idle>-0       0d.h. 1686265525.140689350: local_timer_entry:    vector=236
  <idle>-0       0d.h. 1686265525.140696843: local_timer_exit:     vector=236
  <idle>-0       0d.h. 1686265525.428690943: local_timer_entry:    vector=236
  <idle>-0       0d.h. 1686265525.428698706: local_timer_exit:     vector=236
  <idle>-0       0d.h. 1686265525.556751751: reschedule_entry:     vector=253
  <idle>-0       0d.h. 1686265525.556754005: reschedule_exit:      vector=253
  <idle>-0       0d.h. 1686265525.564693121: local_timer_entry:    vector=236
  <idle>-0       0dNh. 1686265525.564704731: local_timer_exit:     vector=236
