cpus=8
  <idle>-0       0d.h. 1686265585.200674827: local_timer_entry:    vector=236
  <idle>-0       0d.h. 1686265585.200682464: local_timer_exit:     vector=236
  <idle>-0       0d.h. 1686265585.204675041: local_timer_entry:    vector=236
  <idle>-0       0d.h. 1686265585.204682575: local_timer_exit:     vector=236
  <idle>-0       0d.h. 1686265585.208675830: local_timer_entry:    vector=236
  <idle>-0       0d.h. 1686265585.208684173: local_timer_exit:     vector=236
  <idle>-0       0d.h. 1686265585.212676094: local_timer_entry:    vector=236
  <idle>-0       0d.h. 1686265585.212684347: local_timer_exit:     vector=236
  <idle>-0       0d.h. 1686265585.220680406: local_timer_entry:    vector=236
  <idle>-0       0d.h. 1686265585.220687873: local_timer_exit:     vector=236
  <idle>-0       0d.h. 1686265585.228679138: local_timer_entry:    vector=236
  <idle>-0       0d.h. 1686265585.228686328: local_timer_exit:     vector=236
  <idle>-0       0d.h. 1686265585.232673113: local_timer_entry:    vector=236
  <idle>-0       0d.h. 1686265585.232677996: local_timer_exit:     vector=236
  <idle>-0       0d.h. 1686265585.274942053: irq_handler_entry:    irq=39 name=eno1-TxRx-1
  <idle>-0       0d.h. 1686265585.274944316: irq_handler_exit:     irq=39 ret=handled
  <idle>-0       0d.h. 1686265585.274957666: irq_handler_entry:    irq=39 name=eno1-TxRx-1
  <idle>-0       0d.h. 1686265585.274958226: irq_handler_exit:     irq=39 ret=handled
  <idle>-0       0d.h. 1686265585.276679745: local_timer_entry:    vector=236
  <idle>-0       0d.h. 1686265585.276686895: local_timer_exit:     vector=236
  <idle>-0       0d.h. 1686265585.284680887: local_timer_entry:    vector=236
  <idle>-0       0d.h. 1686265585.284688074: local_timer_exit:     vector=236
  <idle>-0       0d.h. 1686265585.292678316: local_timer_entry:    vector=236
  <idle>-0       0d.h. 1686265585.292685373: local_timer_exit:     vector=236
  <idle>-0       0d.h. 1686265585.300678325: local_timer_entry:    vector=236
  <idle>-0       0d.h. 1686265585.300685355: local_timer_exit:     vector=236
  <idle>-0       0d.h. 1686265585.303819720: irq_handler_entry:    irq=39 name=eno1-TxRx-1
  <idle>-0       0d.h. 1686265585.303822040: irq_handler_exit:     irq=39 ret=handled
  <idle>-0       0d.h. 1686265585.309949565: irq_handler_entry:    irq=39 name=eno1-TxRx-1
  <idle>-0       0d.h. 1686265585.309951742: irq_handler_exit:     irq=39 ret=handled
  <idle>-0       0dNh. 1686265585.310031527: irq_handler_entry:    irq=39 name=eno1-TxRx-1
  <idle>-0       0dNh. 1686265585.310032411: irq_handler_exit:     irq=39 ret=handled
    sshd-27910   0d.h. 1686265585.310075930: irq_handler_entry:    irq=39 name=eno1-TxRx-1
    sshd-27910   0d.h. 1686265585.310076824: irq_handler_exit:     irq=39 ret=handled
  <idle>-0       0d.h. 1686265585.316296061: irq_handler_entry:    irq=39 name=eno1-TxRx-1
  <idle>-0       0d.h. 1686265585.316298287: irq_handler_exit:     irq=39 ret=handled
  <idle>-0       0d.h. 1686265585.316317487: irq_handler_entry:    irq=39 name=eno1-TxRx-1
  <idle>-0       0d.h. 1686265585.316318071: irq_handler_exit:     irq=39 ret=handled
  <idle>-0       0d.h. 1686265585.344104081: irq_handler_entry:    irq=39 name=eno1-TxRx-1
  <idle>-0       0d.h. 1686265585.344106271: irq_handler_exit:     irq=39 ret=handled
  <idle>-0       0d.h. 1686265585.484678829: local_timer_entry:    vector=236
  <idle>-0       0d.h. 1686265585.484686076: local_timer_exit:     vector=236
  <idle>-0       0d.h. 1686265585.492679045: local_timer_entry:    vector=236
  <idle>-0       0d.h. 1686265585.492686365: local_timer_exit:     vector=236
  <idle>-0       0d.h. 1686265585.500679554: local_timer_entry:    vector=236
  <idle>-0       0d.h. 1686265585.500686584: local_timer_exit:     vector=236
  <idle>-0       0d.h. 1686265585.520680909: local_timer_entry:    vector=236
  <idle>-0       0d.h. 1686265585.520688386: local_timer_exit:     vector=236
  <idle>-0       0d.h. 1686265585.556680769: local_timer_entry:    vector=236
  <idle>-0       0d.h. 1686265585.556688609: local_timer_exit:     vector=236
  <idle>-0       0d.h. 1686265585.564680598: local_timer_entry:    vector=236
  <idle>-0       0dNh. 1686265585.564692411: local_timer_exit:     vector=236
  <idle>-0       0d.h. 1686265585.684679335: local_timer_entry:    vector=236
  <idle>-0       0d.h. 1686265585.684686378: local_timer_exit:     vector=236
  <idle>-0       0d.h. 1686265585.692681744: local_timer_entry:    vector=236
  <idle>-0       0d.h. 1686265585.692688927: local_timer_exit:     vector=236
  <idle>-0       0d.h. 1686265585.700680749: local_timer_entry:    vector=236
  <idle>-0       0d.h. 1686265585.700687793: local_timer_exit:     vector=236
  <idle>-0       0d.h. 1686265585.828716211: reschedule_entry:     vector=253
  <idle>-0       0d.h. 1686265585.828718781: reschedule_exit:      vector=253
  <idle>-0       0d.h. 1686265585.840681501: local_timer_entry:    vector=236
  <idle>-0       0d.h. 1686265585.840688991: local_timer_exit:     vector=236
  <idle>-0       0d.h. 1686265585.848682367: local_timer_entry:    vector=236
  <idle>-0       0d.h. 1686265585.848689477: local_timer_exit:     vector=236
  <idle>-0       0d.h. 1686265585.884679900: local_timer_entry:    vector=236
  <idle>-0       0d.h. 1686265585.884686970: local_timer_exit:     vector=236
  <idle>-0       0d.h. 1686265585.892679899: local_timer_entry:    vector=236
  <idle>-0       0d.h. 1686265585.892686956: local_timer_exit:     vector=236
  <idle>-0       0d.h. 1686265585.900681371: local_timer_entry:    vector=236
  <idle>-0       0d.h. 1686265585.900688388: local_timer_exit:     vector=236
  <idle>-0       0d.h. 1686265586.036678976: local_timer_entry:    vector=236
  <idle>-0       0d.h. 1686265586.036686452: local_timer_exit:     vector=236
  <idle>-0       0d.h. 1686265586.068684531: local_timer_entry:    vector=236
  <idle>-0       0d.h. 1686265586.068691778: local_timer_exit:     vector=236
  <idle>-0       0d.h. 1686265586.084680366: local_timer_entry:    vector=236
  <idle>-0       0d.h. 1686265586.084687496: local_timer_exit:     vector=236
  <idle>-0       0d.h. 1686265586.092680388: local_timer_entry:    vector=236
  <idle>-0       0d.h. 1686265586.092687568: local_timer_exit:     vector=236
  <idle>-0       0d.h. 1686265586.100681887: local_timer_entry:    vector=236
  <idle>-0       0d.h. 1686265586.100689713: local_timer_exit:     vector=236
  <idle>-0       0d.h. 1686265586.108680736: local_timer_entry:    vector=236
  <idle>-0       0d.h. 1686265586.108687806: local_timer_exit:     vector=236
  <idle>-0       0d.h. 1686265586.284680925: local_timer_entry:    vector=236
  <idle>-0       0d.h. 1686265586.284688238: local_timer_exit:     vector=236
  <idle>-0       0d.h. 1686265586.292680943: local_timer_entry:    vector=236
  <idle>-0       0d.h. 1686265586.292687987: local_timer_exit:     vector=236
  <idle>-0       0d.h. 1686265586.300683869: local_timer_entry:    vector=236
  <idle>-0       0d.h. 1686265586.300690912: local_timer_exit:     vector=236
  <idle>-0       0d.h. 1686265586.324871887: irq_handler_entry:    irq=39 name=eno1-TxRx-1
  <idle>-0       0d.h. 1686265586.324874203: irq_handler_exit:     irq=39 ret=handled
  <idle>-0       0d.h. 1686265586.328681607: local_timer_entry:    vector=236
  <idle>-0       0d.h. 1686265586.328688980: local_timer_exit:     vector=236
  <idle>-0       0d.h. 1686265586.355213962: irq_handler_entry:    irq=39 name=eno1-TxRx-1
  <idle>-0       0d.h. 1686265586.355216199: irq_handler_exit:     irq=39 ret=handled
  <idle>-0       0d.h. 1686265586.358317058: irq_handler_entry:    irq=39 name=eno1-TxRx-1
  <idle>-0       0d.h. 1686265586.358319334: irq_handler_exit:     irq=39 ret=handled
  <idle>-0       0d.h. 1686265586.358329444: irq_handler_entry:    irq=39 name=eno1-TxRx-1
  <idle>-0       0d.h. 1686265586.358329938: irq_handler_exit:     irq=39 ret=handled
  <idle>-0       0d.h. 1686265586.385812662: irq_handler_entry:    irq=39 name=eno1-TxRx-1
  <idle>-0       0d.h. 1686265586.385814878: irq_handler_exit:     irq=39 ret=handled
  <idle>-0       0d.h. 1686265586.390063970: irq_handler_entry:    irq=39 name=eno1-TxRx-1
  <idle>-0       0d.h. 1686265586.390066290: irq_handler_exit:     irq=39 ret=handled
  <idle>-0       0d.h. 1686265586.393065133: irq_handler_entry:    irq=39 name=eno1-TxRx-1
  <idle>-0       0d.h. 1686265586.393067453: irq_handler_exit:     irq=39 ret=handled
  <idle>-0       0d.h. 1686265586.393085840: irq_handler_entry:    irq=39 name=eno1-TxRx-1
  <idle>-0       0d.h. 1686265586.393086450: irq_handler_exit:     irq=39 ret=handled
  <idle>-0       0d.h. 1686265586.400684100: local_timer_entry:    vector=236
  <idle>-0       0d.h. 1686265586.400691777: local_timer_exit:     vector=236
  <idle>-0       0d.h. 1686265586.408682589: local_timer_entry:    vector=236
  <idle>-0       0d.h. 1686265586.408689685: local_timer_exit:     vector=236
  <idle>-0       0d.h. 1686265586.421430833: irq_handler_entry:    irq=39 name=eno1-TxRx-1
  <idle>-0       0d.h. 1686265586.421433070: irq_handler_exit:     irq=39 ret=handled
  <idle>-0       0d.h. 1686265586.425745827: irq_handler_entry:    irq=39 name=eno1-TxRx-1
  <idle>-0       0d.h. 1686265586.425748044: irq_handler_exit:     irq=39 ret=handled
  <idle>-0       0d.h. 1686265586.428946601: irq_handler_entry:    irq=39 name=eno1-TxRx-1
  <idle>-0       0d.h. 1686265586.428948841: irq_handler_exit:     irq=39 ret=handled
  <idle>-0       0d.h. 1686265586.428967708: irq_handler_entry:    irq=39 name=eno1-TxRx-1
  <idle>-0       0d.h. 1686265586.428968288: irq_handler_exit:     irq=39 ret=handled
  <idle>-0       0d.h. 1686265586.456909133: irq_handler_entry:    irq=39 name=eno1-TxRx-1
  <idle>-0       0d.h. 1686265586.456911409: irq_handler_exit:     irq=39 ret=handled
  <idle>-0       0d.h. 1686265586.459500641: irq_handler_entry:    irq=39 name=eno1-TxRx-1
  <idle>-0       0d.h. 1686265586.459502961: irq_handler_exit:     irq=39 ret=handled
  <idle>-0       0d.h. 1686265586.463017918: irq_handler_entry:    irq=39 name=eno1-TxRx-1
  <idle>-0       0d.h. 1686265586.463020185: irq_handler_exit:     irq=39 ret=handled
  <idle>-0       0d.h. 1686265586.463030245: irq_handler_entry:    irq=39 name=eno1-TxRx-1
  <idle>-0       0d.h. 1686265586.463030745: irq_handler_exit:     irq=39 ret=handled
  <idle>-0       0d.h. 1686265586.468684456: local_timer_entry:    vector=236
  <idle>-0       0d.h. 1686265586.468691992: local_timer_exit:     vector=236
  <idle>-0       0d.h. 1686265586.476682801: local_timer_entry:    vector=236
  <idle>-0       0d.h. 1686265586.476689911: local_timer_exit:     vector=236
  <idle>-0       0d.h. 1686265586.488683724: local_timer_entry:    vector=236
  <idle>-0       0d.h. 1686265586.488690914: local_timer_exit:     vector=236
  <idle>-0       0d.h. 1686265586.493423386: irq_handler_entry:    irq=39 name=eno1-TxRx-1
  <idle>-0       0d.h. 1686265586.493425706: irq_handler_exit:     irq=39 ret=handled
  <idle>-0       0d.h. 1686265586.496684087: local_timer_entry:    vector=236
  <idle>-0       0d.h. 1686265586.496691103: local_timer_exit:     vector=236
  <idle>-0       0d.h. 1686265586.500679131: local_timer_entry:    vector=236
  <idle>-0       0d.h. 1686265586.500689664: local_timer_exit:     vector=236
  <idle>-0       0d.h. 1686265586.502029201: irq_handler_entry:    irq=39 name=eno1-TxRx-1
  <idle>-0       0d.h. 1686265586.502031468: irq_handler_exit:     irq=39 ret=handled
  <idle>-0       0d.h. 1686265586.505126470: irq_handler_entry:    irq=39 name=eno1-TxRx-1
  <idle>-0       0d.h. 1686265586.505128697: irq_handler_exit:     irq=39 ret=handled
  <idle>-0       0d.h. 1686265586.505147673: irq_handler_entry:    irq=39 name=eno1-TxRx-1
  <idle>-0       0d.h. 1686265586.505148213: irq_handler_exit:     irq=39 ret=handled
  <idle>-0       0d.h. 1686265586.533872572: irq_handler_entry:    irq=39 name=eno1-TxRx-1
  <idle>-0       0d.h. 1686265586.533874762: irq_handler_exit:     irq=39 ret=handled
  <idle>-0       0d.h. 1686265586.537694019: irq_handler_entry:    irq=39 name=eno1-TxRx-1
  <idle>-0       0d.h. 1686265586.537696235: irq_handler_exit:     irq=39 ret=handled
  <idle>-0       0d.h. 1686265586.541122323: irq_handler_entry:    irq=39 name=eno1-TxRx-1
  <idle>-0       0d.h. 1686265586.541124590: irq_handler_exit:     irq=39 ret=handled
  <idle>-0       0d.h. 1686265586.541142880: irq_handler_entry:    irq=39 name=eno1-TxRx-1
  <idle>-0       0d.h. 1686265586.541143463: irq_handler_exit:     irq=39 ret=handled
  <idle>-0       0d.h. 1686265586.548684051: local_timer_entry:    vector=236
  <idle>-0       0d.h. 1686265586.548691211: local_timer_exit:     vector=236
  <idle>-0       0d.h. 1686265586.556683467: local_timer_entry:    vector=236
  <idle>-0       0d.h. 1686265586.556690816: local_timer_exit:     vector=236
  <idle>-0       0d.h. 1686265586.564685055: local_timer_entry:    vector=236
  <idle>-0       0d.h. 1686265586.564692152: local_timer_exit:     vector=236
  <idle>-0       0d.h. 1686265586.569382271: irq_handler_entry:    irq=39 name=eno1-TxRx-1
  <idle>-0       0d.h. 1686265586.569384475: irq_handler_exit:     irq=39 ret=handled
  <idle>-0       0d.h. 1686265586.580682420: local_timer_entry:    vector=236
  <idle>-0       0d.h. 1686265586.580689496: local_timer_exit:     vector=236
  <idle>-0       0d.h. 1686265586.584739257: irq_handler_entry:    irq=39 name=eno1-TxRx-1
  <idle>-0       0d.h. 1686265586.584741440: irq_handler_exit:     irq=39 ret=handled
  <idle>-0       0d.h. 1686265586.587399704: irq_handler_entry:    irq=39 name=eno1-TxRx-1
  <idle>-0       0d.h. 1686265586.587402028: irq_handler_exit:     irq=39 ret=handled
  <idle>-0       0d.h. 1686265586.587420708: irq_handler_entry:    irq=39 name=eno1-TxRx-1
  <idle>-0       0d.h. 1686265586.587421288: irq_handler_exit:     irq=39 ret=handled
  <idle>-0       0d.h. 1686265586.616015628: irq_handler_entry:    irq=39 name=eno1-TxRx-1
  <idle>-0       0d.h. 1686265586.616017945: irq_handler_exit:     irq=39 ret=handled
  <idle>-0       0d.h. 1686265586.621028487: irq_handler_entry:    irq=39 name=eno1-TxRx-1
  <idle>-0       0d.h. 1686265586.621030657: irq_handler_exit:     irq=39 ret=handled
  <idle>-0       0d.h. 1686265586.624651422: irq_handler_entry:    irq=39 name=eno1-TxRx-1
  <idle>-0       0d.h. 1686265586.624653689: irq_handler_exit:     irq=39 ret=handled
  <idle>-0       0d.h. 1686265586.624672716: irq_handler_entry:    irq=39 name=eno1-TxRx-1
  <idle>-0       0d.h. 1686265586.624673329: irq_handler_exit:     irq=39 ret=handled
  <idle>-0       0d.h. 1686265586.628679460: local_timer_entry:    vector=236
  <idle>-0       0d.h. 1686265586.628687780: local_timer_exit:     vector=236
  <idle>-0       0d.h. 1686265586.632682078: local_timer_entry:    vector=236
  <idle>-0       0d.h. 1686265586.632690281: local_timer_exit:     vector=236
  <idle>-0       0d.h. 1686265586.636682469: local_timer_entry:    vector=236
  <idle>-0       0d.h. 1686265586.636691765: local_timer_exit:     vector=236
  <idle>-0       0d.h. 1686265586.644683251: local_timer_entry:    vector=236
  <idle>-0       0d.h. 1686265586.644690348: local_timer_exit:     vector=236
  <idle>-0       0d.h. 1686265586.652195266: irq_handler_entry:    irq=39 name=eno1-TxRx-1
  <idle>-0       0d.h. 1686265586.652197489: irq_handler_exit:     irq=39 ret=handled
  <idle>-0       0d.h. 1686265586.664683273: local_timer_entry:    vector=236
  <idle>-0       0d.h. 1686265586.664690320: local_timer_exit:     vector=236
  <idle>-0       0d.h. 1686265586.684686335: local_timer_entry:    vector=236
  <idle>-0       0d.h. 1686265586.684693369: local_timer_exit:     vector=236
  <idle>-0       0d.h. 1686265586.692684784: local_timer_entry:    vector=236
  <idle>-0       0d.h. 1686265586.692691924: local_timer_exit:     vector=236
  <idle>-0       0d.h. 1686265586.700684806: local_timer_entry:    vector=236
  <idle>-0       0d.h. 1686265586.700691863: local_timer_exit:     vector=236
  <idle>-0       0d.h. 1686265586.832684313: local_timer_entry:    vector=236
  <idle>-0       0d.h. 1686265586.832692026: local_timer_exit:     vector=236
  <idle>-0       0d.H. 1686265586.832706619: reschedule_entry:     vector=253
  <idle>-0       0dNH. 1686265586.832714009: reschedule_exit:      vector=253
  <idle>-0       0d.h. 1686265586.840686605: local_timer_entry:    vector=236
  <idle>-0       0d.h. 1686265586.840693959: local_timer_exit:     vector=236
  <idle>-0       0d.h. 1686265586.848685208: local_timer_entry:    vector=236
  <idle>-0       0d.h. 1686265586.848694037: local_timer_exit:     vector=236
  <idle>-0       0d.H. 1686265586.848697014: irq_work_entry:       vector=246
  <idle>-0       0dNH. 1686265586.848710471: irq_work_exit:        vector=246
  <idle>-0       0d.h. 1686265587.276713209: reschedule_entry:     vector=253
  <idle>-0       0d.h. 1686265587.276715882: reschedule_exit:      vector=253
  <idle>-0       0d.h. 1686265587.540684713: local_timer_entry:    vector=236
  <idle>-0       0d.h. 1686265587.540692169: local_timer_exit:     vector=236
  <idle>-0       0d.h. 1686265587.572769001: reschedule_entry:     vector=253
  <idle>-0       0d.h. 1686265587.572771504: reschedule_exit:      vector=253
  <idle>-0       0d.h. 1686265587.604689157: local_timer_entry:    vector=236
  <idle>-0       0d.h. 1686265587.604696394: local_timer_exit:     vector=236
  <idle>-0       0d.h. 1686265587.950104622: irq_handler_entry:    irq=39 name=eno1-TxRx-1
  <idle>-0       0d.h. 1686265587.950107035: irq_handler_exit:     irq=39 ret=handled
  <idle>-0       0d.h. 1686265587.950118332: irq_handler_entry:    irq=39 name=eno1-TxRx-1
  <idle>-0       0d.h. 1686265587.950118848: irq_handler_exit:     irq=39 ret=handled
  <idle>-0       0d.h. 1686265587.952686397: local_timer_entry:    vector=236
  <idle>-0       0d.h. 1686265587.952693580: local_timer_exit:     vector=236
  <idle>-0       0d.h. 1686265587.990385856: irq_handler_entry:    irq=39 name=eno1-TxRx-1
  <idle>-0       0d.h. 1686265587.990388053: irq_handler_exit:     irq=39 ret=handled
  <idle>-0       0d.h. 1686265588.033648014: irq_handler_entry:    irq=39 name=eno1-TxRx-1
  <idle>-0       0d.h. 1686265588.033650227: irq_handler_exit:     irq=39 ret=handled
  <idle>-0       0d.h. 1686265588.076686615: local_timer_entry:    vector=236
  <idle>-0       0d.h. 1686265588.076693645: local_timer_exit:     vector=236
  <idle>-0       0d.H. 1686265588.076732747: irq_handler_entry:    irq=39 name=eno1-TxRx-1
  <idle>-0       0d.H. 1686265588.076734067: irq_handler_exit:     irq=39 ret=handled
  <idle>-0       0d.h. 1686265588.076780730: irq_handler_entry:    irq=39 name=eno1-TxRx-1
  <idle>-0       0d.h. 1686265588.076781493: irq_handler_exit:     irq=39 ret=handled
  <idle>-0       0d.h. 1686265588.244685868: local_timer_entry:    vector=236
  <idle>-0       0d.h. 1686265588.244693584: local_timer_exit:     vector=236
  <idle>-0       0d.h. 1686265588.308873787: irq_handler_entry:    irq=39 name=eno1-TxRx-1
  <idle>-0       0d.h. 1686265588.308875977: irq_handler_exit:     irq=39 ret=handled
  <idle>-0       0d.h. 1686265588.608742835: reschedule_entry:     vector=253
  <idle>-0       0d.h. 1686265588.608745601: reschedule_exit:      vector=253
  <idle>-0       0d.h. 1686265588.628689471: local_timer_entry:    vector=236
  <idle>-0       0d.h. 1686265588.628696694: local_timer_exit:     vector=236
  <idle>-0       0d.h. 1686265588.635898946: irq_handler_entry:    irq=39 name=eno1-TxRx-1
  <idle>-0       0d.h. 1686265588.635901186: irq_handler_exit:     irq=39 ret=handled
  <idle>-0       0d.h. 1686265588.635911286: irq_handler_entry:    irq=39 name=eno1-TxRx-1
  <idle>-0       0d.h. 1686265588.635911843: irq_handler_exit:     irq=39 ret=handled
  <idle>-0       0d.h. 1686265588.664335812: irq_handler_entry:    irq=39 name=eno1-TxRx-1
  <idle>-0       0d.h. 1686265588.664338079: irq_handler_exit:     irq=39 ret=handled
  <idle>-0       0d.h. 1686265589.044720793: reschedule_entry:     vector=253
  <idle>-0       0d.h. 1686265589.044723433: reschedule_exit:      vector=253
  <idle>-0       0d.h. 1686265589.184844137: irq_handler_entry:    irq=39 name=eno1-TxRx-1
  <idle>-0       0d.h. 1686265589.184846573: irq_handler_exit:     irq=39 ret=handled
  <idle>-0       0dNh. 1686265589.184912942: irq_handler_entry:    irq=39 name=eno1-TxRx-1
  <idle>-0       0dNh. 1686265589.184913982: irq_handler_exit:     irq=39 ret=handled
  <idle>-0       0d.h. 1686265589.188686943: local_timer_entry:    vector=236
  <idle>-0       0d.h. 1686265589.188697703: local_timer_exit:     vector=236
  <idle>-0       0d.h. 1686265589.228688767: local_timer_entry:    vector=236
  <idle>-0       0d.h. 1686265589.228695901: local_timer_exit:     vector=236
  <idle>-0       0d.h. 1686265589.396690964: local_timer_entry:    vector=236
  <idle>-0       0d.h. 1686265589.396698834: local_timer_exit:     vector=236
    ft.W-29992   0d.h. 1686265589.552684434: local_timer_entry:    vector=236
    ft.W-29992   0d.h. 1686265589.552699647: local_timer_exit:     vector=236
    ft.W-29992   0d.h. 1686265589.556686305: local_timer_entry:    vector=236
    ft.W-29992   0d.h. 1686265589.556696008: local_timer_exit:     vector=236
    ft.W-29992   0d.h. 1686265589.560683289: local_timer_entry:    vector=236
    ft.W-29992   0d.h. 1686265589.560689416: local_timer_exit:     vector=236
    ft.W-29992   0d.h. 1686265589.564682941: local_timer_entry:    vector=236
    ft.W-29992   0dNh. 1686265589.564696124: local_timer_exit:     vector=236
    ft.W-29992   0d.h. 1686265589.568683321: local_timer_entry:    vector=236
    ft.W-29992   0d.h. 1686265589.568689038: local_timer_exit:     vector=236
    ft.W-29992   0d.h. 1686265589.572682567: local_timer_entry:    vector=236
    ft.W-29992   0d.h. 1686265589.572686789: local_timer_exit:     vector=236
    ft.W-29992   0d.h. 1686265589.576682827: local_timer_entry:    vector=236
    ft.W-29992   0d.h. 1686265589.576688318: local_timer_exit:     vector=236
    ft.W-29992   0d.h. 1686265589.580682901: local_timer_entry:    vector=236
    ft.W-29992   0d.h. 1686265589.580688489: local_timer_exit:     vector=236
    ft.W-29992   0d.h. 1686265589.584682632: local_timer_entry:    vector=236
    ft.W-29992   0d.h. 1686265589.584687087: local_timer_exit:     vector=236
    ft.W-29992   0d.h. 1686265589.588682861: local_timer_entry:    vector=236
    ft.W-29992   0d.h. 1686265589.588689283: local_timer_exit:     vector=236
    ft.W-29992   0d.h. 1686265589.592682843: local_timer_entry:    vector=236
    ft.W-29992   0d.h. 1686265589.592686996: local_timer_exit:     vector=236
    ft.W-29992   0d.h. 1686265589.596682909: local_timer_entry:    vector=236
    ft.W-29992   0d.h. 1686265589.596689149: local_timer_exit:     vector=236
    ft.W-29992   0d.h. 1686265589.600682918: local_timer_entry:    vector=236
    ft.W-29992   0d.h. 1686265589.600689143: local_timer_exit:     vector=236
    ft.W-29992   0d.h. 1686265589.604682492: local_timer_entry:    vector=236
    ft.W-29992   0d.h. 1686265589.604687849: local_timer_exit:     vector=236
    ft.W-29992   0d.h. 1686265589.608682467: local_timer_entry:    vector=236
    ft.W-29992   0d.h. 1686265589.608688121: local_timer_exit:     vector=236
    ft.W-29992   0d.h. 1686265589.612686605: local_timer_entry:    vector=236
    ft.W-29992   0d.h. 1686265589.612694160: local_timer_exit:     vector=236
    ft.W-29992   0d.h. 1686265589.616683225: local_timer_entry:    vector=236
    ft.W-29992   0d.h. 1686265589.616689563: local_timer_exit:     vector=236
    ft.W-29992   0d.h. 1686265589.620683636: local_timer_entry:    vector=236
    ft.W-29992   0d.h. 1686265589.620690232: local_timer_exit:     vector=236
    ft.W-29992   0d.h. 1686265589.624683234: local_timer_entry:    vector=236
    ft.W-29992   0d.h. 1686265589.624689885: local_timer_exit:     vector=236
    ft.W-29992   0d.h. 1686265589.628682281: local_timer_entry:    vector=236
    ft.W-29992   0d.h. 1686265589.628688423: local_timer_exit:     vector=236
    ft.W-29992   0d.h. 1686265589.632682016: local_timer_entry:    vector=236
    ft.W-29992   0d.h. 1686265589.632685623: local_timer_exit:     vector=236
    ft.W-29992   0d.h. 1686265589.636682078: local_timer_entry:    vector=236
    ft.W-29992   0d.h. 1686265589.636685843: local_timer_exit:     vector=236
    ft.W-29992   0d.h. 1686265589.640682103: local_timer_entry:    vector=236
    ft.W-29992   0d.h. 1686265589.640685136: local_timer_exit:     vector=236
    ft.W-29992   0d.h. 1686265589.644682514: local_timer_entry:    vector=236
    ft.W-29992   0d.h. 1686265589.644686994: local_timer_exit:     vector=236
    ft.W-29992   0d.h. 1686265589.648682025: local_timer_entry:    vector=236
    ft.W-29992   0d.h. 1686265589.648686981: local_timer_exit:     vector=236
    ft.W-29992   0d.h. 1686265589.652686329: local_timer_entry:    vector=236
    ft.W-29992   0d.h. 1686265589.652699183: local_timer_exit:     vector=236
    ft.W-29992   0d.h. 1686265589.656683469: local_timer_entry:    vector=236
    ft.W-29992   0d.h. 1686265589.656691816: local_timer_exit:     vector=236
    ft.W-29992   0d.h. 1686265589.660683038: local_timer_entry:    vector=236
    ft.W-29992   0d.h. 1686265589.660689456: local_timer_exit:     vector=236
    ft.W-29992   0d.h. 1686265589.664682865: local_timer_entry:    vector=236
    ft.W-29992   0d.h. 1686265589.664688034: local_timer_exit:     vector=236
    ft.W-29992   0d.h. 1686265589.668683025: local_timer_entry:    vector=236
    ft.W-29992   0d.h. 1686265589.668687860: local_timer_exit:     vector=236
    ft.W-29992   0d.h. 1686265589.672683103: local_timer_entry:    vector=236
    ft.W-29992   0d.h. 1686265589.672689463: local_timer_exit:     vector=236
    ft.W-29992   0d.h. 1686265589.676683036: local_timer_entry:    vector=236
    ft.W-29992   0d.h. 1686265589.676687945: local_timer_exit:     vector=236
    ft.W-29992   0d.h. 1686265589.680683098: local_timer_entry:    vector=236
    ft.W-29992   0d.h. 1686265589.680689009: local_timer_exit:     vector=236
    ft.W-29992   0d.h. 1686265589.684683118: local_timer_entry:    vector=236
    ft.W-29992   0d.h. 1686265589.684689023: local_timer_exit:     vector=236
    ft.W-29992   0d.h. 1686265589.688683161: local_timer_entry:    vector=236
    ft.W-29992   0d.h. 1686265589.688687825: local_timer_exit:     vector=236
    ft.W-29992   0d.h. 1686265589.692682787: local_timer_entry:    vector=236
    ft.W-29992   0d.h. 1686265589.692687867: local_timer_exit:     vector=236
    ft.W-29992   0d.h. 1686265589.696683258: local_timer_entry:    vector=236
    ft.W-29992   0d.h. 1686265589.696688074: local_timer_exit:     vector=236
    ft.W-29992   0d.h. 1686265589.700682838: local_timer_entry:    vector=236
    ft.W-29992   0d.h. 1686265589.700688163: local_timer_exit:     vector=236
    ft.W-29992   0d.h. 1686265589.704683141: local_timer_entry:    vector=236
    ft.W-29992   0d.h. 1686265589.704689745: local_timer_exit:     vector=236
    ft.W-29992   0d.h. 1686265589.708690176: local_timer_entry:    vector=236
    ft.W-29992   0d.h. 1686265589.708715458: local_timer_exit:     vector=236
    ft.W-29992   0d.h. 1686265589.712683132: local_timer_entry:    vector=236
    ft.W-29992   0d.h. 1686265589.712688920: local_timer_exit:     vector=236
    ft.W-29992   0d.h. 1686265589.716683098: local_timer_entry:    vector=236
    ft.W-29992   0d.h. 1686265589.716688292: local_timer_exit:     vector=236
    ft.W-29992   0d.h. 1686265589.720682998: local_timer_entry:    vector=236
    ft.W-29992   0d.h. 1686265589.720688563: local_timer_exit:     vector=236
    ft.W-29992   0d.h. 1686265589.724683096: local_timer_entry:    vector=236
    ft.W-29992   0d.h. 1686265589.724688136: local_timer_exit:     vector=236
    ft.W-29992   0d.h. 1686265589.728683556: local_timer_entry:    vector=236
    ft.W-29992   0d.h. 1686265589.728688774: local_timer_exit:     vector=236
    ft.W-29992   0d.h. 1686265589.732683321: local_timer_entry:    vector=236
    ft.W-29992   0d.h. 1686265589.732689727: local_timer_exit:     vector=236
    ft.W-29992   0d.h. 1686265589.736683465: local_timer_entry:    vector=236
    ft.W-29992   0d.h. 1686265589.736687923: local_timer_exit:     vector=236
    ft.W-29992   0d.h. 1686265589.740683372: local_timer_entry:    vector=236
    ft.W-29992   0d.h. 1686265589.740688094: local_timer_exit:     vector=236
    ft.W-29992   0d.h. 1686265589.744683076: local_timer_entry:    vector=236
    ft.W-29992   0d.h. 1686265589.744687914: local_timer_exit:     vector=236
    ft.W-29992   0d.h. 1686265589.748682909: local_timer_entry:    vector=236
    ft.W-29992   0d.h. 1686265589.748688700: local_timer_exit:     vector=236
    ft.W-29992   0d.h. 1686265589.752682856: local_timer_entry:    vector=236
    ft.W-29992   0d.h. 1686265589.752688383: local_timer_exit:     vector=236
    ft.W-29992   0d.h. 1686265589.756683576: local_timer_entry:    vector=236
    ft.W-29992   0d.h. 1686265589.756689492: local_timer_exit:     vector=236
    ft.W-29992   0d.h. 1686265589.760689905: local_timer_entry:    vector=236
    ft.W-29992   0d.h. 1686265589.760713609: local_timer_exit:     vector=236
    ft.W-29992   0d.h. 1686265589.764683676: local_timer_entry:    vector=236
    ft.W-29992   0d.h. 1686265589.764687674: local_timer_exit:     vector=236
    ft.W-29992   0d.h. 1686265589.768683360: local_timer_entry:    vector=236
    ft.W-29992   0d.h. 1686265589.768689840: local_timer_exit:     vector=236
    ft.W-29992   0d.h. 1686265589.772683132: local_timer_entry:    vector=236
    ft.W-29992   0d.h. 1686265589.772687920: local_timer_exit:     vector=236
    ft.W-29992   0d.h. 1686265589.776683452: local_timer_entry:    vector=236
    ft.W-29992   0d.h. 1686265589.776689189: local_timer_exit:     vector=236
    ft.W-29992   0d.h. 1686265589.780683345: local_timer_entry:    vector=236
    ft.W-29992   0d.h. 1686265589.780689112: local_timer_exit:     vector=236
    ft.W-29992   0d.h. 1686265589.784683385: local_timer_entry:    vector=236
    ft.W-29992   0d.h. 1686265589.784687723: local_timer_exit:     vector=236
    ft.W-29992   0d.h. 1686265589.788683407: local_timer_entry:    vector=236
    ft.W-29992   0d.h. 1686265589.788687252: local_timer_exit:     vector=236
    ft.W-29992   0d.h. 1686265589.792683620: local_timer_entry:    vector=236
    ft.W-29992   0d.h. 1686265589.792690238: local_timer_exit:     vector=236
    ft.W-29992   0d.h. 1686265589.796683412: local_timer_entry:    vector=236
    ft.W-29992   0d.h. 1686265589.796687954: local_timer_exit:     vector=236
    ft.W-29992   0d.h. 1686265589.800683007: local_timer_entry:    vector=236
    ft.W-29992   0d.h. 1686265589.800687063: local_timer_exit:     vector=236
    ft.W-29992   0d.h. 1686265589.804683140: local_timer_entry:    vector=236
    ft.W-29992   0d.h. 1686265589.804688665: local_timer_exit:     vector=236
    ft.W-29992   0d.h. 1686265589.808683360: local_timer_entry:    vector=236
    ft.W-29992   0d.h. 1686265589.808688189: local_timer_exit:     vector=236
    ft.W-29992   0d.h. 1686265589.812689620: local_timer_entry:    vector=236
    ft.W-29992   0d.h. 1686265589.812708513: local_timer_exit:     vector=236
    ft.W-29992   0d.h. 1686265589.816683736: local_timer_entry:    vector=236
    ft.W-29992   0d.h. 1686265589.816692936: local_timer_exit:     vector=236
    ft.W-29992   0d.h. 1686265589.820683332: local_timer_entry:    vector=236
    ft.W-29992   0d.h. 1686265589.820688840: local_timer_exit:     vector=236
    ft.W-29992   0d.h. 1686265589.824683469: local_timer_entry:    vector=236
    ft.W-29992   0d.h. 1686265589.824688023: local_timer_exit:     vector=236
    ft.W-29992   0d.h. 1686265589.828683758: local_timer_entry:    vector=236
    ft.W-29992   0d.h. 1686265589.828690558: local_timer_exit:     vector=236
    ft.W-29992   0d.h. 1686265589.832683538: local_timer_entry:    vector=236
    ft.W-29992   0d.h. 1686265589.832690256: local_timer_exit:     vector=236
    ft.W-29992   0d.h. 1686265589.836683712: local_timer_entry:    vector=236
    ft.W-29992   0d.h. 1686265589.836689729: local_timer_exit:     vector=236
    ft.W-29992   0d.h. 1686265589.840683776: local_timer_entry:    vector=236
    ft.W-29992   0d.h. 1686265589.840690305: local_timer_exit:     vector=236
    ft.W-29992   0d.h. 1686265589.844683560: local_timer_entry:    vector=236
    ft.W-29992   0d.h. 1686265589.844689271: local_timer_exit:     vector=236
    ft.W-29992   0d.h. 1686265589.848683392: local_timer_entry:    vector=236
    ft.W-29992   0d.h. 1686265589.848690796: local_timer_exit:     vector=236
    ft.W-29992   0d.h. 1686265589.852683174: local_timer_entry:    vector=236
    ft.W-29992   0d.h. 1686265589.852688656: local_timer_exit:     vector=236
    ft.W-29992   0d.h. 1686265589.856683089: local_timer_entry:    vector=236
    ft.W-29992   0d.h. 1686265589.856686892: local_timer_exit:     vector=236
    ft.W-29992   0d.h. 1686265589.860683303: local_timer_entry:    vector=236
    ft.W-29992   0d.h. 1686265589.860689136: local_timer_exit:     vector=236
    ft.W-29992   0d.h. 1686265589.864689654: local_timer_entry:    vector=236
    ft.W-29992   0d.h. 1686265589.864713813: local_timer_exit:     vector=236
    ft.W-29992   0d.h. 1686265589.868683729: local_timer_entry:    vector=236
    ft.W-29992   0d.h. 1686265589.868687789: local_timer_exit:     vector=236
    ft.W-29992   0d.h. 1686265589.872683492: local_timer_entry:    vector=236
    ft.W-29992   0d.h. 1686265589.872687443: local_timer_exit:     vector=236
    ft.W-29992   0d.h. 1686265589.876683454: local_timer_entry:    vector=236
    ft.W-29992   0d.h. 1686265589.876689523: local_timer_exit:     vector=236
    ft.W-29992   0d.h. 1686265589.880683607: local_timer_entry:    vector=236
    ft.W-29992   0d.h. 1686265589.880690360: local_timer_exit:     vector=236
    ft.W-29992   0d.h. 1686265589.884683720: local_timer_entry:    vector=236
    ft.W-29992   0d.h. 1686265589.884688318: local_timer_exit:     vector=236
    ft.W-29992   0d.h. 1686265589.888683663: local_timer_entry:    vector=236
    ft.W-29992   0d.h. 1686265589.888688836: local_timer_exit:     vector=236
    ft.W-29992   0d.h. 1686265589.892683685: local_timer_entry:    vector=236
    ft.W-29992   0d.h. 1686265589.892689005: local_timer_exit:     vector=236
    ft.W-29992   0d.h. 1686265589.896683620: local_timer_entry:    vector=236
    ft.W-29992   0d.h. 1686265589.896688280: local_timer_exit:     vector=236
    ft.W-29992   0d.h. 1686265589.900683472: local_timer_entry:    vector=236
    ft.W-29992   0d.h. 1686265589.900688674: local_timer_exit:     vector=236
    ft.W-29992   0d.h. 1686265589.904683292: local_timer_entry:    vector=236
    ft.W-29992   0d.h. 1686265589.904686891: local_timer_exit:     vector=236
    ft.W-29992   0d.h. 1686265589.908683118: local_timer_entry:    vector=236
    ft.W-29992   0d.h. 1686265589.908686783: local_timer_exit:     vector=236
    ft.W-29992   0d.h. 1686265589.912683627: local_timer_entry:    vector=236
    ft.W-29992   0d.h. 1686265589.912691431: local_timer_exit:     vector=236
    ft.W-29992   0d.h. 1686265589.916690111: local_timer_entry:    vector=236
    ft.W-29992   0d.h. 1686265589.916712447: local_timer_exit:     vector=236
    ft.W-29992   0d.h. 1686265589.920684063: local_timer_entry:    vector=236
    ft.W-29992   0d.h. 1686265589.920688260: local_timer_exit:     vector=236
    ft.W-29992   0d.h. 1686265589.924683620: local_timer_entry:    vector=236
    ft.W-29992   0d.h. 1686265589.924690220: local_timer_exit:     vector=236
    ft.W-29992   0d.h. 1686265589.928683609: local_timer_entry:    vector=236
    ft.W-29992   0d.h. 1686265589.928688856: local_timer_exit:     vector=236
    ft.W-29992   0d.h. 1686265589.932684198: local_timer_entry:    vector=236
    ft.W-29992   0d.h. 1686265589.932690883: local_timer_exit:     vector=236
    ft.W-29992   0d.h. 1686265589.936683932: local_timer_entry:    vector=236
    ft.W-29992   0d.h. 1686265589.936689878: local_timer_exit:     vector=236
    ft.W-29992   0d.h. 1686265589.940683985: local_timer_entry:    vector=236
    ft.W-29992   0d.h. 1686265589.940688529: local_timer_exit:     vector=236
    ft.W-29992   0d.h. 1686265589.944683812: local_timer_entry:    vector=236
    ft.W-29992   0d.h. 1686265589.944689580: local_timer_exit:     vector=236
    ft.W-29992   0d.h. 1686265589.948683869: local_timer_entry:    vector=236
    ft.W-29992   0d.h. 1686265589.948690936: local_timer_exit:     vector=236
    ft.W-29992   0d.h. 1686265589.952683760: local_timer_entry:    vector=236
    ft.W-29992   0d.h. 1686265589.952689283: local_timer_exit:     vector=236
    ft.W-29992   0d.h. 1686265589.956683632: local_timer_entry:    vector=236
    ft.W-29992   0d.h. 1686265589.956687376: local_timer_exit:     vector=236
    ft.W-29992   0d.h. 1686265589.960683734: local_timer_entry:    vector=236
    ft.W-29992   0d.h. 1686265589.960688191: local_timer_exit:     vector=236
    ft.W-29992   0d.h. 1686265589.964683827: local_timer_entry:    vector=236
    ft.W-29992   0d.h. 1686265589.964689898: local_timer_exit:     vector=236
    ft.W-29992   0d.h. 1686265589.968690234: local_timer_entry:    vector=236
    ft.W-29992   0d.h. 1686265589.968711898: local_timer_exit:     vector=236
    ft.W-29992   0d.h. 1686265589.972683971: local_timer_entry:    vector=236
    ft.W-29992   0d.h. 1686265589.972689469: local_timer_exit:     vector=236
    ft.W-29992   0d.h. 1686265589.976683796: local_timer_entry:    vector=236
    ft.W-29992   0d.h. 1686265589.976687765: local_timer_exit:     vector=236
    ft.W-29992   0d.h. 1686265589.980683756: local_timer_entry:    vector=236
    ft.W-29992   0d.h. 1686265589.980688380: local_timer_exit:     vector=236
    ft.W-29992   0d.h. 1686265589.984683956: local_timer_entry:    vector=236
    ft.W-29992   0d.h. 1686265589.984691854: local_timer_exit:     vector=236
    ft.W-29992   0d.h. 1686265589.988684458: local_timer_entry:    vector=236
    ft.W-29992   0d.h. 1686265589.988691500: local_timer_exit:     vector=236
    ft.W-29992   0d.h. 1686265589.992684098: local_timer_entry:    vector=236
    ft.W-29992   0d.h. 1686265589.992688745: local_timer_exit:     vector=236
    ft.W-29992   0d.h. 1686265589.996683918: local_timer_entry:    vector=236
    ft.W-29992   0d.h. 1686265589.996689134: local_timer_exit:     vector=236
    ft.W-29992   0d.h. 1686265590.000683936: local_timer_entry:    vector=236
    ft.W-29992   0d.h. 1686265590.000689114: local_timer_exit:     vector=236
    ft.W-29992   0d.h. 1686265590.004683718: local_timer_entry:    vector=236
    ft.W-29992   0d.h. 1686265590.004690485: local_timer_exit:     vector=236
    ft.W-29992   0d.h. 1686265590.008683536: local_timer_entry:    vector=236
    ft.W-29992   0d.h. 1686265590.008688274: local_timer_exit:     vector=236
    ft.W-29992   0d.h. 1686265590.012683643: local_timer_entry:    vector=236
    ft.W-29992   0d.h. 1686265590.012687838: local_timer_exit:     vector=236
    ft.W-29992   0d.h. 1686265590.016684214: local_timer_entry:    vector=236
    ft.W-29992   0d.h. 1686265590.016689898: local_timer_exit:     vector=236
  <idle>-0       0d.h. 1686265590.020687274: local_timer_entry:    vector=236
  <idle>-0       0d.h. 1686265590.020696678: local_timer_exit:     vector=236
  <idle>-0       0d.h. 1686265590.024687608: local_timer_entry:    vector=236
  <idle>-0       0d.h. 1686265590.024696627: local_timer_exit:     vector=236
  <idle>-0       0d.h. 1686265590.028687700: local_timer_entry:    vector=236
  <idle>-0       0d.h. 1686265590.028694620: local_timer_exit:     vector=236
  <idle>-0       0d.h. 1686265590.032689664: local_timer_entry:    vector=236
  <idle>-0       0d.h. 1686265590.032699680: local_timer_exit:     vector=236
  <idle>-0       0d.h. 1686265590.036689148: local_timer_entry:    vector=236
  <idle>-0       0d.h. 1686265590.036697655: local_timer_exit:     vector=236
  <idle>-0       0d.h. 1686265590.040688693: local_timer_entry:    vector=236
  <idle>-0       0d.h. 1686265590.040699346: local_timer_exit:     vector=236
  <idle>-0       0d.h. 1686265590.044688664: local_timer_entry:    vector=236
  <idle>-0       0d.h. 1686265590.044696704: local_timer_exit:     vector=236
  <idle>-0       0d.h. 1686265590.048691128: local_timer_entry:    vector=236
  <idle>-0       0d.h. 1686265590.048701105: local_timer_exit:     vector=236
  <idle>-0       0d.h. 1686265590.052688679: local_timer_entry:    vector=236
  <idle>-0       0d.h. 1686265590.052696692: local_timer_exit:     vector=236
  <idle>-0       0d.h. 1686265590.056688594: local_timer_entry:    vector=236
  <idle>-0       0d.h. 1686265590.056698643: local_timer_exit:     vector=236
  <idle>-0       0d.h. 1686265590.060688905: local_timer_entry:    vector=236
  <idle>-0       0d.h. 1686265590.060697508: local_timer_exit:     vector=236
  <idle>-0       0d.h. 1686265590.064688849: local_timer_entry:    vector=236
  <idle>-0       0d.h. 1686265590.064699662: local_timer_exit:     vector=236
  <idle>-0       0d.h. 1686265590.068688630: local_timer_entry:    vector=236
  <idle>-0       0d.h. 1686265590.068698503: local_timer_exit:     vector=236
  <idle>-0       0d.h. 1686265590.072688631: local_timer_entry:    vector=236
  <idle>-0       0d.h. 1686265590.072698438: local_timer_exit:     vector=236
  <idle>-0       0d.h. 1686265590.324884142: irq_handler_entry:    irq=39 name=eno1-TxRx-1
  <idle>-0       0d.h. 1686265590.324886796: irq_handler_exit:     irq=39 ret=handled
  <idle>-0       0d.h. 1686265590.328695229: local_timer_entry:    vector=236
  <idle>-0       0d.h. 1686265590.328702499: local_timer_exit:     vector=236
  <idle>-0       0d.h. 1686265590.676696029: local_timer_entry:    vector=236
  <idle>-0       0d.h. 1686265590.676703379: local_timer_exit:     vector=236
  <idle>-0       0d.h. 1686265591.540694735: local_timer_entry:    vector=236
  <idle>-0       0d.h. 1686265591.540702535: local_timer_exit:     vector=236
  <idle>-0       0d.h. 1686265591.572777666: reschedule_entry:     vector=253
  <idle>-0       0d.h. 1686265591.572780333: reschedule_exit:      vector=253
  <idle>-0       0d.h. 1686265591.700695289: local_timer_entry:    vector=236
  <idle>-0       0d.h. 1686265591.700702423: local_timer_exit:     vector=236
  <idle>-0       0d.h. 1686265592.308886656: irq_handler_entry:    irq=39 name=eno1-TxRx-1
  <idle>-0       0d.h. 1686265592.308889122: irq_handler_exit:     irq=39 ret=handled
  <idle>-0       0d.h. 1686265592.312698076: local_timer_entry:    vector=236
  <idle>-0       0d.h. 1686265592.312705179: local_timer_exit:     vector=236
  <idle>-0       0d.h. 1686265592.564782425: reschedule_entry:     vector=253
  <idle>-0       0d.h. 1686265592.564785108: reschedule_exit:      vector=253
  <idle>-0       0d.h. 1686265592.648748978: reschedule_entry:     vector=253
  <idle>-0       0d.h. 1686265592.648751485: reschedule_exit:      vector=253
  <idle>-0       0d.h. 1686265592.724700357: local_timer_entry:    vector=236
  <idle>-0       0d.h. 1686265592.724707520: local_timer_exit:     vector=236
