cpus=8
  <idle>-0       0d.h. 1686265609.264673565: local_timer_entry:    vector=236
  <idle>-0       0d.h. 1686265609.264683274: local_timer_exit:     vector=236
  <idle>-0       0d.h. 1686265609.268673181: local_timer_entry:    vector=236
  <idle>-0       0d.h. 1686265609.268681752: local_timer_exit:     vector=236
  <idle>-0       0d.h. 1686265609.272674444: local_timer_entry:    vector=236
  <idle>-0       0d.h. 1686265609.272685004: local_timer_exit:     vector=236
  <idle>-0       0d.h. 1686265609.276677395: local_timer_entry:    vector=236
  <idle>-0       0d.h. 1686265609.276688279: local_timer_exit:     vector=236
  <idle>-0       0d.h. 1686265609.280676220: local_timer_entry:    vector=236
  <idle>-0       0d.h. 1686265609.280686556: local_timer_exit:     vector=236
  <idle>-0       0d.h. 1686265609.284676678: local_timer_entry:    vector=236
  <idle>-0       0d.h. 1686265609.284687357: local_timer_exit:     vector=236
  <idle>-0       0d.h. 1686265609.288674522: local_timer_entry:    vector=236
  <idle>-0       0d.h. 1686265609.288685429: local_timer_exit:     vector=236
  <idle>-0       0d.h. 1686265609.292674713: local_timer_entry:    vector=236
  <idle>-0       0d.h. 1686265609.292685143: local_timer_exit:     vector=236
  <idle>-0       0d.h. 1686265609.296674764: local_timer_entry:    vector=236
  <idle>-0       0d.h. 1686265609.296685197: local_timer_exit:     vector=236
  <idle>-0       0d.h. 1686265609.300674975: local_timer_entry:    vector=236
  <idle>-0       0d.h. 1686265609.300683232: local_timer_exit:     vector=236
  <idle>-0       0d.h. 1686265609.304674646: local_timer_entry:    vector=236
  <idle>-0       0d.h. 1686265609.304685456: local_timer_exit:     vector=236
  <idle>-0       0d.h. 1686265609.308674571: local_timer_entry:    vector=236
  <idle>-0       0d.h. 1686265609.308684041: local_timer_exit:     vector=236
  <idle>-0       0d.h. 1686265609.312674849: local_timer_entry:    vector=236
  <idle>-0       0d.h. 1686265609.312686259: local_timer_exit:     vector=236
  <idle>-0       0d.h. 1686265609.316676730: local_timer_entry:    vector=236
  <idle>-0       0d.h. 1686265609.316687733: local_timer_exit:     vector=236
  <idle>-0       0d.h. 1686265609.340143123: irq_handler_entry:    irq=39 name=eno1-TxRx-1
  <idle>-0       0d.h. 1686265609.340145233: irq_handler_exit:     irq=39 ret=handled
  <idle>-0       0d.h. 1686265609.340163993: irq_handler_entry:    irq=39 name=eno1-TxRx-1
  <idle>-0       0d.h. 1686265609.340164566: irq_handler_exit:     irq=39 ret=handled
  <idle>-0       0d.h. 1686265609.370595867: irq_handler_entry:    irq=39 name=eno1-TxRx-1
  <idle>-0       0d.h. 1686265609.370598004: irq_handler_exit:     irq=39 ret=handled
  <idle>-0       0d.h. 1686265609.378267307: irq_handler_entry:    irq=39 name=eno1-TxRx-1
  <idle>-0       0d.h. 1686265609.378269420: irq_handler_exit:     irq=39 ret=handled
  <idle>-0       0dNh. 1686265609.378333586: irq_handler_entry:    irq=39 name=eno1-TxRx-1
  <idle>-0       0dNh. 1686265609.378334473: irq_handler_exit:     irq=39 ret=handled
  <idle>-0       0d.h. 1686265609.380718004: reschedule_entry:     vector=253
  <idle>-0       0d.h. 1686265609.380721414: reschedule_exit:      vector=253
    sshd-27910   0d.h. 1686265609.384664205: irq_handler_entry:    irq=39 name=eno1-TxRx-1
    sshd-27910   0d.h. 1686265609.384666205: irq_handler_exit:     irq=39 ret=handled
    sshd-27910   0d.H. 1686265609.384669802: local_timer_entry:    vector=236
    sshd-27910   0d.H. 1686265609.384683189: local_timer_exit:     vector=236
kworker/-29757   0d.h. 1686265609.384709542: irq_handler_entry:    irq=39 name=eno1-TxRx-1
kworker/-29757   0d.h. 1686265609.384710222: irq_handler_exit:     irq=39 ret=handled
  <idle>-0       0d.h. 1686265609.412253825: irq_handler_entry:    irq=39 name=eno1-TxRx-1
  <idle>-0       0d.h. 1686265609.412256012: irq_handler_exit:     irq=39 ret=handled
  <idle>-0       0d.h. 1686265609.564679332: local_timer_entry:    vector=236
  <idle>-0       0dNh. 1686265609.564691398: local_timer_exit:     vector=236
  <idle>-0       0d.h. 1686265609.584679024: local_timer_entry:    vector=236
  <idle>-0       0d.h. 1686265609.584686164: local_timer_exit:     vector=236
  <idle>-0       0d.h. 1686265609.588679295: local_timer_entry:    vector=236
  <idle>-0       0d.h. 1686265609.588686775: local_timer_exit:     vector=236
  <idle>-0       0d.h. 1686265609.620677704: local_timer_entry:    vector=236
  <idle>-0       0d.h. 1686265609.620685611: local_timer_exit:     vector=236
  <idle>-0       0d.h. 1686265609.796733056: reschedule_entry:     vector=253
  <idle>-0       0d.h. 1686265609.796735719: reschedule_exit:      vector=253
  <idle>-0       0d.h. 1686265610.068682675: local_timer_entry:    vector=236
  <idle>-0       0d.h. 1686265610.068690608: local_timer_exit:     vector=236
  <idle>-0       0d.h. 1686265610.132678539: local_timer_entry:    vector=236
  <idle>-0       0d.h. 1686265610.132685653: local_timer_exit:     vector=236
  <idle>-0       0d.h. 1686265610.300987592: irq_handler_entry:    irq=39 name=eno1-TxRx-1
  <idle>-0       0d.h. 1686265610.300989965: irq_handler_exit:     irq=39 ret=handled
  <idle>-0       0dNh. 1686265610.301053365: irq_handler_entry:    irq=39 name=eno1-TxRx-1
  <idle>-0       0dNh. 1686265610.301054251: irq_handler_exit:     irq=39 ret=handled
  <idle>-0       0d.h. 1686265610.304094284: irq_handler_entry:    irq=39 name=eno1-TxRx-1
  <idle>-0       0d.h. 1686265610.304096457: irq_handler_exit:     irq=39 ret=handled
  <idle>-0       0d.h. 1686265610.304113554: irq_handler_entry:    irq=39 name=eno1-TxRx-1
  <idle>-0       0d.h. 1686265610.304114094: irq_handler_exit:     irq=39 ret=handled
  <idle>-0       0d.h. 1686265610.304674690: local_timer_entry:    vector=236
  <idle>-0       0d.h. 1686265610.304685090: local_timer_exit:     vector=236
  <idle>-0       0d.h. 1686265610.324870484: irq_handler_entry:    irq=39 name=eno1-TxRx-1
  <idle>-0       0d.h. 1686265610.324872624: irq_handler_exit:     irq=39 ret=handled
  <idle>-0       0d.h. 1686265610.334092678: irq_handler_entry:    irq=39 name=eno1-TxRx-1
  <idle>-0       0d.h. 1686265610.334094801: irq_handler_exit:     irq=39 ret=handled
  <idle>-0       0d.h. 1686265610.337495103: irq_handler_entry:    irq=39 name=eno1-TxRx-1
  <idle>-0       0d.h. 1686265610.337497203: irq_handler_exit:     irq=39 ret=handled
  <idle>-0       0d.h. 1686265610.340591971: irq_handler_entry:    irq=39 name=eno1-TxRx-1
  <idle>-0       0d.h. 1686265610.340594158: irq_handler_exit:     irq=39 ret=handled
  <idle>-0       0d.h. 1686265610.340612644: irq_handler_entry:    irq=39 name=eno1-TxRx-1
  <idle>-0       0d.h. 1686265610.340613218: irq_handler_exit:     irq=39 ret=handled
  <idle>-0       0d.h. 1686265610.369132083: irq_handler_entry:    irq=39 name=eno1-TxRx-1
  <idle>-0       0d.h. 1686265610.369134236: irq_handler_exit:     irq=39 ret=handled
  <idle>-0       0d.h. 1686265610.377044886: irq_handler_entry:    irq=39 name=eno1-TxRx-1
  <idle>-0       0d.h. 1686265610.377046986: irq_handler_exit:     irq=39 ret=handled
  <idle>-0       0d.h. 1686265610.378866237: irq_handler_entry:    irq=39 name=eno1-TxRx-1
  <idle>-0       0d.h. 1686265610.378868410: irq_handler_exit:     irq=39 ret=handled
  <idle>-0       0d.h. 1686265610.378887057: irq_handler_entry:    irq=39 name=eno1-TxRx-1
  <idle>-0       0d.h. 1686265610.378887667: irq_handler_exit:     irq=39 ret=handled
  <idle>-0       0d.h. 1686265610.406657871: irq_handler_entry:    irq=39 name=eno1-TxRx-1
  <idle>-0       0d.h. 1686265610.406660021: irq_handler_exit:     irq=39 ret=handled
  <idle>-0       0d.h. 1686265610.409458650: irq_handler_entry:    irq=39 name=eno1-TxRx-1
  <idle>-0       0d.h. 1686265610.409460786: irq_handler_exit:     irq=39 ret=handled
    node-27976   0d.h. 1686265610.412675054: local_timer_entry:    vector=236
    node-27976   0d.h. 1686265610.412691447: local_timer_exit:     vector=236
    node-27976   0d.h. 1686265610.413468254: irq_handler_entry:    irq=39 name=eno1-TxRx-1
    node-27976   0d.h. 1686265610.413470287: irq_handler_exit:     irq=39 ret=handled
    node-27976   0d.h. 1686265610.413513990: irq_handler_entry:    irq=39 name=eno1-TxRx-1
    node-27976   0d.h. 1686265610.413514723: irq_handler_exit:     irq=39 ret=handled
  <idle>-0       0d.h. 1686265610.441355700: irq_handler_entry:    irq=39 name=eno1-TxRx-1
  <idle>-0       0d.h. 1686265610.441357846: irq_handler_exit:     irq=39 ret=handled
  <idle>-0       0d.h. 1686265610.452679921: local_timer_entry:    vector=236
  <idle>-0       0d.h. 1686265610.452687088: local_timer_exit:     vector=236
  <idle>-0       0d.h. 1686265610.454152263: irq_handler_entry:    irq=39 name=eno1-TxRx-1
  <idle>-0       0d.h. 1686265610.454154437: irq_handler_exit:     irq=39 ret=handled
  <idle>-0       0d.h. 1686265610.457359798: irq_handler_entry:    irq=39 name=eno1-TxRx-1
  <idle>-0       0d.h. 1686265610.457361924: irq_handler_exit:     irq=39 ret=handled
  <idle>-0       0d.h. 1686265610.457380801: irq_handler_entry:    irq=39 name=eno1-TxRx-1
  <idle>-0       0d.h. 1686265610.457381377: irq_handler_exit:     irq=39 ret=handled
  <idle>-0       0d.h. 1686265610.485334069: irq_handler_entry:    irq=39 name=eno1-TxRx-1
  <idle>-0       0d.h. 1686265610.485336192: irq_handler_exit:     irq=39 ret=handled
  <idle>-0       0d.h. 1686265610.488620042: irq_handler_entry:    irq=39 name=eno1-TxRx-1
  <idle>-0       0d.h. 1686265610.488622215: irq_handler_exit:     irq=39 ret=handled
    sshd-27910   0d.h. 1686265610.488678508: local_timer_entry:    vector=236
    sshd-27910   0d.h. 1686265610.488690835: local_timer_exit:     vector=236
  <idle>-0       0d.h. 1686265610.491968935: irq_handler_entry:    irq=39 name=eno1-TxRx-1
  <idle>-0       0d.h. 1686265610.491971108: irq_handler_exit:     irq=39 ret=handled
  <idle>-0       0d.h. 1686265610.491989481: irq_handler_entry:    irq=39 name=eno1-TxRx-1
  <idle>-0       0d.h. 1686265610.491990058: irq_handler_exit:     irq=39 ret=handled
  <idle>-0       0d.h. 1686265610.519983445: irq_handler_entry:    irq=39 name=eno1-TxRx-1
  <idle>-0       0d.h. 1686265610.519985619: irq_handler_exit:     irq=39 ret=handled
  <idle>-0       0d.h. 1686265610.527754690: irq_handler_entry:    irq=39 name=eno1-TxRx-1
  <idle>-0       0d.h. 1686265610.527756824: irq_handler_exit:     irq=39 ret=handled
  <idle>-0       0d.h. 1686265610.530369092: irq_handler_entry:    irq=39 name=eno1-TxRx-1
  <idle>-0       0d.h. 1686265610.530371265: irq_handler_exit:     irq=39 ret=handled
  <idle>-0       0d.h. 1686265610.530389528: irq_handler_entry:    irq=39 name=eno1-TxRx-1
  <idle>-0       0d.h. 1686265610.530390102: irq_handler_exit:     irq=39 ret=handled
  <idle>-0       0d.h. 1686265610.558411536: irq_handler_entry:    irq=39 name=eno1-TxRx-1
  <idle>-0       0d.h. 1686265610.558413672: irq_handler_exit:     irq=39 ret=handled
  <idle>-0       0d.h. 1686265610.563322249: irq_handler_entry:    irq=39 name=eno1-TxRx-1
  <idle>-0       0d.h. 1686265610.563324376: irq_handler_exit:     irq=39 ret=handled
  <idle>-0       0d.h. 1686265610.567238468: irq_handler_entry:    irq=39 name=eno1-TxRx-1
  <idle>-0       0d.h. 1686265610.567240594: irq_handler_exit:     irq=39 ret=handled
  <idle>-0       0d.h. 1686265610.567263548: irq_handler_entry:    irq=39 name=eno1-TxRx-1
  <idle>-0       0d.h. 1686265610.567264134: irq_handler_exit:     irq=39 ret=handled
  <idle>-0       0d.h. 1686265610.595172313: irq_handler_entry:    irq=39 name=eno1-TxRx-1
  <idle>-0       0d.h. 1686265610.595174460: irq_handler_exit:     irq=39 ret=handled
  <idle>-0       0d.h. 1686265610.604681357: local_timer_entry:    vector=236
  <idle>-0       0d.h. 1686265610.604688720: local_timer_exit:     vector=236
  <idle>-0       0d.h. 1686265610.680683128: local_timer_entry:    vector=236
  <idle>-0       0d.h. 1686265610.680690398: local_timer_exit:     vector=236
  <idle>-0       0d.h. 1686265610.768682472: local_timer_entry:    vector=236
  <idle>-0       0d.h. 1686265610.768689659: local_timer_exit:     vector=236
  <idle>-0       0d.h. 1686265610.804723138: reschedule_entry:     vector=253
  <idle>-0       0d.h. 1686265610.804725562: reschedule_exit:      vector=253
  <idle>-0       0d.h. 1686265610.872682654: local_timer_entry:    vector=236
  <idle>-0       0d.h. 1686265610.872689794: local_timer_exit:     vector=236
  <idle>-0       0d.h. 1686265610.936683412: local_timer_entry:    vector=236
  <idle>-0       0d.h. 1686265610.936690592: local_timer_exit:     vector=236
  <idle>-0       0d.h. 1686265611.116683522: local_timer_entry:    vector=236
  <idle>-0       0d.h. 1686265611.116691062: local_timer_exit:     vector=236
  <idle>-0       0d.h. 1686265611.156684417: local_timer_entry:    vector=236
  <idle>-0       0d.h. 1686265611.156691636: local_timer_exit:     vector=236
  <idle>-0       0d.h. 1686265611.308682702: local_timer_entry:    vector=236
  <idle>-0       0d.h. 1686265611.308690105: local_timer_exit:     vector=236
  <idle>-0       0d.h. 1686265611.596687572: local_timer_entry:    vector=236
  <idle>-0       0d.h. 1686265611.596694782: local_timer_exit:     vector=236
  <idle>-0       0d.h. 1686265611.604682581: local_timer_entry:    vector=236
  <idle>-0       0d.h. 1686265611.604690284: local_timer_exit:     vector=236
  <idle>-0       0d.h. 1686265611.684685670: local_timer_entry:    vector=236
  <idle>-0       0d.h. 1686265611.684688416: local_timer_exit:     vector=236
  <idle>-0       0d.h. 1686265611.724685647: local_timer_entry:    vector=236
  <idle>-0       0d.h. 1686265611.724692804: local_timer_exit:     vector=236
  <idle>-0       0d.h. 1686265611.812724908: reschedule_entry:     vector=253
  <idle>-0       0d.h. 1686265611.812727375: reschedule_exit:      vector=253
  <idle>-0       0d.h. 1686265611.888684743: local_timer_entry:    vector=236
  <idle>-0       0d.h. 1686265611.888691839: local_timer_exit:     vector=236
  <idle>-0       0d.h. 1686265611.972684076: local_timer_entry:    vector=236
  <idle>-0       0d.h. 1686265611.972691173: local_timer_exit:     vector=236
  <idle>-0       0d.h. 1686265612.084686117: local_timer_entry:    vector=236
  <idle>-0       0d.h. 1686265612.084693690: local_timer_exit:     vector=236
    is.W-30006   0d.h. 1686265612.092678903: local_timer_entry:    vector=236
    is.W-30006   0d.h. 1686265612.092694696: local_timer_exit:     vector=236
    is.W-30006   0d.h. 1686265612.096677001: local_timer_entry:    vector=236
    is.W-30006   0d.h. 1686265612.096685100: local_timer_exit:     vector=236
    is.W-30006   0d.h. 1686265612.100676805: local_timer_entry:    vector=236
    is.W-30006   0d.h. 1686265612.100681498: local_timer_exit:     vector=236
    is.W-30006   0d.h. 1686265612.104676796: local_timer_entry:    vector=236
    is.W-30006   0d.h. 1686265612.104682066: local_timer_exit:     vector=236
    is.W-30006   0d.h. 1686265612.108676781: local_timer_entry:    vector=236
    is.W-30006   0d.h. 1686265612.108683897: local_timer_exit:     vector=236
    is.W-30006   0d.h. 1686265612.112676417: local_timer_entry:    vector=236
    is.W-30006   0d.h. 1686265612.112680371: local_timer_exit:     vector=236
    is.W-30006   0d.h. 1686265612.116676388: local_timer_entry:    vector=236
    is.W-30006   0d.h. 1686265612.116679062: local_timer_exit:     vector=236
    is.W-30006   0d.h. 1686265612.120676511: local_timer_entry:    vector=236
    is.W-30006   0d.h. 1686265612.120681197: local_timer_exit:     vector=236
    is.W-30006   0d.h. 1686265612.124676444: local_timer_entry:    vector=236
    is.W-30006   0d.h. 1686265612.124681228: local_timer_exit:     vector=236
    is.W-30006   0d.h. 1686265612.128676464: local_timer_entry:    vector=236
    is.W-30006   0d.h. 1686265612.128680377: local_timer_exit:     vector=236
    is.W-30006   0d.h. 1686265612.132676468: local_timer_entry:    vector=236
    is.W-30006   0d.h. 1686265612.132681375: local_timer_exit:     vector=236
    is.W-30006   0d.h. 1686265612.136676466: local_timer_entry:    vector=236
    is.W-30006   0d.h. 1686265612.136680315: local_timer_exit:     vector=236
    is.W-30006   0d.h. 1686265612.140677077: local_timer_entry:    vector=236
    is.W-30006   0d.h. 1686265612.140681304: local_timer_exit:     vector=236
    is.W-30006   0d.H. 1686265612.140683275: irq_work_entry:       vector=246
    is.W-30006   0d.H. 1686265612.140690810: irq_work_exit:        vector=246
    is.W-30006   0d.h. 1686265612.144676553: local_timer_entry:    vector=236
    is.W-30006   0d.h. 1686265612.144681604: local_timer_exit:     vector=236
    is.W-30006   0d.h. 1686265612.148676504: local_timer_entry:    vector=236
    is.W-30006   0d.h. 1686265612.148679073: local_timer_exit:     vector=236
    is.W-30006   0d.h. 1686265612.152676513: local_timer_entry:    vector=236
    is.W-30006   0d.h. 1686265612.152678948: local_timer_exit:     vector=236
    is.W-30006   0d.h. 1686265612.156676519: local_timer_entry:    vector=236
    is.W-30006   0d.h. 1686265612.156679517: local_timer_exit:     vector=236
    is.W-30006   0d.h. 1686265612.160676515: local_timer_entry:    vector=236
    is.W-30006   0d.h. 1686265612.160679055: local_timer_exit:     vector=236
    is.W-30006   0d.h. 1686265612.164676546: local_timer_entry:    vector=236
    is.W-30006   0d.h. 1686265612.164679064: local_timer_exit:     vector=236
    is.W-30006   0d.h. 1686265612.168676542: local_timer_entry:    vector=236
    is.W-30006   0d.h. 1686265612.168680915: local_timer_exit:     vector=236
    is.W-30006   0d.h. 1686265612.172676566: local_timer_entry:    vector=236
    is.W-30006   0d.h. 1686265612.172678993: local_timer_exit:     vector=236
    is.W-30006   0d.h. 1686265612.176681026: local_timer_entry:    vector=236
    is.W-30006   0d.h. 1686265612.176684362: local_timer_exit:     vector=236
    is.W-30006   0d.h. 1686265612.180676599: local_timer_entry:    vector=236
    is.W-30006   0d.h. 1686265612.180680997: local_timer_exit:     vector=236
    is.W-30006   0d.h. 1686265612.184676779: local_timer_entry:    vector=236
    is.W-30006   0d.h. 1686265612.184681099: local_timer_exit:     vector=236
    is.W-30006   0d.h. 1686265612.188676606: local_timer_entry:    vector=236
    is.W-30006   0d.h. 1686265612.188680355: local_timer_exit:     vector=236
    is.W-30006   0d.h. 1686265612.192676615: local_timer_entry:    vector=236
    is.W-30006   0d.h. 1686265612.192679746: local_timer_exit:     vector=236
    is.W-30006   0d.h. 1686265612.196676606: local_timer_entry:    vector=236
    is.W-30006   0d.h. 1686265612.196680255: local_timer_exit:     vector=236
    is.W-30006   0d.h. 1686265612.200676624: local_timer_entry:    vector=236
    is.W-30006   0d.h. 1686265612.200679104: local_timer_exit:     vector=236
    is.W-30006   0d.h. 1686265612.204676639: local_timer_entry:    vector=236
    is.W-30006   0d.h. 1686265612.204679895: local_timer_exit:     vector=236
    is.W-30006   0d.h. 1686265612.208676644: local_timer_entry:    vector=236
    is.W-30006   0d.h. 1686265612.208680333: local_timer_exit:     vector=236
    is.W-30006   0d.h. 1686265612.212676657: local_timer_entry:    vector=236
    is.W-30006   0d.h. 1686265612.212680957: local_timer_exit:     vector=236
    is.W-30006   0d.h. 1686265612.216676679: local_timer_entry:    vector=236
    is.W-30006   0d.h. 1686265612.216681735: local_timer_exit:     vector=236
    is.W-30006   0d.h. 1686265612.220676686: local_timer_entry:    vector=236
    is.W-30006   0d.h. 1686265612.220679202: local_timer_exit:     vector=236
    is.W-30006   0d.h. 1686265612.224676688: local_timer_entry:    vector=236
    is.W-30006   0d.h. 1686265612.224679166: local_timer_exit:     vector=236
    is.W-30006   0d.h. 1686265612.228676699: local_timer_entry:    vector=236
    is.W-30006   0d.h. 1686265612.228681046: local_timer_exit:     vector=236
    is.W-30006   0d.h. 1686265612.232676715: local_timer_entry:    vector=236
    is.W-30006   0d.h. 1686265612.232680368: local_timer_exit:     vector=236
    is.W-30006   0d.h. 1686265612.236676715: local_timer_entry:    vector=236
    is.W-30006   0d.h. 1686265612.236679119: local_timer_exit:     vector=236
    is.W-30006   0d.h. 1686265612.240676724: local_timer_entry:    vector=236
    is.W-30006   0d.h. 1686265612.240679890: local_timer_exit:     vector=236
    is.W-30006   0d.h. 1686265612.244676757: local_timer_entry:    vector=236
    is.W-30006   0d.h. 1686265612.244679288: local_timer_exit:     vector=236
    is.W-30006   0d.h. 1686265612.248676744: local_timer_entry:    vector=236
    is.W-30006   0d.h. 1686265612.248680708: local_timer_exit:     vector=236
    is.W-30006   0d.h. 1686265612.252676771: local_timer_entry:    vector=236
    is.W-30006   0d.h. 1686265612.252680990: local_timer_exit:     vector=236
    is.W-30006   0d.h. 1686265612.256676777: local_timer_entry:    vector=236
    is.W-30006   0d.h. 1686265612.256679190: local_timer_exit:     vector=236
    is.W-30006   0d.h. 1686265612.260676784: local_timer_entry:    vector=236
    is.W-30006   0d.h. 1686265612.260679235: local_timer_exit:     vector=236
    is.W-30006   0d.h. 1686265612.264676802: local_timer_entry:    vector=236
    is.W-30006   0d.h. 1686265612.264679759: local_timer_exit:     vector=236
    is.W-30006   0d.h. 1686265612.268676810: local_timer_entry:    vector=236
    is.W-30006   0d.h. 1686265612.268680517: local_timer_exit:     vector=236
    is.W-30006   0d.h. 1686265612.272676810: local_timer_entry:    vector=236
    is.W-30006   0d.h. 1686265612.272680524: local_timer_exit:     vector=236
    is.W-30006   0d.h. 1686265612.276676819: local_timer_entry:    vector=236
    is.W-30006   0d.h. 1686265612.276679806: local_timer_exit:     vector=236
    is.W-30006   0d.h. 1686265612.280676835: local_timer_entry:    vector=236
    is.W-30006   0d.h. 1686265612.280680608: local_timer_exit:     vector=236
    is.W-30006   0d.h. 1686265612.284676846: local_timer_entry:    vector=236
    is.W-30006   0d.h. 1686265612.284680979: local_timer_exit:     vector=236
    is.W-30006   0d.h. 1686265612.288676859: local_timer_entry:    vector=236
    is.W-30006   0d.h. 1686265612.288681222: local_timer_exit:     vector=236
    is.W-30006   0d.h. 1686265612.292676884: local_timer_entry:    vector=236
    is.W-30006   0d.h. 1686265612.292679430: local_timer_exit:     vector=236
    is.W-30006   0d.h. 1686265612.296676890: local_timer_entry:    vector=236
    is.W-30006   0d.h. 1686265612.296679270: local_timer_exit:     vector=236
    is.W-30006   0d.h. 1686265612.300676895: local_timer_entry:    vector=236
    is.W-30006   0d.h. 1686265612.300679746: local_timer_exit:     vector=236
    is.W-30006   0d.h. 1686265612.304676906: local_timer_entry:    vector=236
    is.W-30006   0d.h. 1686265612.304680468: local_timer_exit:     vector=236
    is.W-30006   0d.h. 1686265612.308678073: local_timer_entry:    vector=236
    is.W-30006   0d.h. 1686265612.308684635: local_timer_exit:     vector=236
    is.W-30006   0d.h. 1686265612.308828564: irq_handler_entry:    irq=39 name=eno1-TxRx-1
    is.W-30006   0d.h. 1686265612.308829431: irq_handler_exit:     irq=39 ret=handled
    is.W-30006   0d.h. 1686265612.312678275: local_timer_entry:    vector=236
    is.W-30006   0d.h. 1686265612.312685848: local_timer_exit:     vector=236
    is.W-30006   0d.h. 1686265612.316678295: local_timer_entry:    vector=236
    is.W-30006   0d.h. 1686265612.316684466: local_timer_exit:     vector=236
    is.W-30006   0d.h. 1686265612.320678066: local_timer_entry:    vector=236
    is.W-30006   0d.h. 1686265612.320684319: local_timer_exit:     vector=236
    is.W-30006   0d.h. 1686265612.324678073: local_timer_entry:    vector=236
    is.W-30006   0d.h. 1686265612.324685015: local_timer_exit:     vector=236
    is.W-30006   0d.h. 1686265612.328678146: local_timer_entry:    vector=236
    is.W-30006   0d.h. 1686265612.328684304: local_timer_exit:     vector=236
    is.W-30006   0d.h. 1686265612.332678317: local_timer_entry:    vector=236
    is.W-30006   0d.h. 1686265612.332684301: local_timer_exit:     vector=236
    is.W-30006   0d.h. 1686265612.336678306: local_timer_entry:    vector=236
    is.W-30006   0d.h. 1686265612.336685126: local_timer_exit:     vector=236
    is.W-30006   0d.h. 1686265612.340678368: local_timer_entry:    vector=236
    is.W-30006   0d.h. 1686265612.340684544: local_timer_exit:     vector=236
    is.W-30006   0d.h. 1686265612.344678406: local_timer_entry:    vector=236
    is.W-30006   0d.h. 1686265612.344684713: local_timer_exit:     vector=236
    is.W-30006   0d.h. 1686265612.348677806: local_timer_entry:    vector=236
    is.W-30006   0d.h. 1686265612.348684901: local_timer_exit:     vector=236
    is.W-30006   0d.h. 1686265612.352678386: local_timer_entry:    vector=236
    is.W-30006   0d.h. 1686265612.352684328: local_timer_exit:     vector=236
    is.W-30006   0d.h. 1686265612.356678199: local_timer_entry:    vector=236
    is.W-30006   0d.h. 1686265612.356683561: local_timer_exit:     vector=236
    is.W-30006   0d.h. 1686265612.360678626: local_timer_entry:    vector=236
    is.W-30006   0d.h. 1686265612.360683473: local_timer_exit:     vector=236
    is.W-30006   0d.h. 1686265612.364678128: local_timer_entry:    vector=236
    is.W-30006   0d.h. 1686265612.364682499: local_timer_exit:     vector=236
    is.W-30006   0d.h. 1686265612.368678257: local_timer_entry:    vector=236
    is.W-30006   0d.h. 1686265612.368682424: local_timer_exit:     vector=236
    is.W-30006   0d.h. 1686265612.372678166: local_timer_entry:    vector=236
    is.W-30006   0d.h. 1686265612.372682870: local_timer_exit:     vector=236
    is.W-30006   0d.h. 1686265612.376678173: local_timer_entry:    vector=236
    is.W-30006   0d.h. 1686265612.376682030: local_timer_exit:     vector=236
  <idle>-0       0d.h. 1686265612.380682613: local_timer_entry:    vector=236
  <idle>-0       0d.h. 1686265612.380692659: local_timer_exit:     vector=236
  <idle>-0       0d.h. 1686265612.384682944: local_timer_entry:    vector=236
  <idle>-0       0d.h. 1686265612.384693457: local_timer_exit:     vector=236
  <idle>-0       0d.h. 1686265612.388682708: local_timer_entry:    vector=236
  <idle>-0       0d.h. 1686265612.388693105: local_timer_exit:     vector=236
  <idle>-0       0d.h. 1686265612.392682829: local_timer_entry:    vector=236
  <idle>-0       0d.h. 1686265612.392693809: local_timer_exit:     vector=236
  <idle>-0       0d.h. 1686265612.396684997: local_timer_entry:    vector=236
  <idle>-0       0d.h. 1686265612.396693560: local_timer_exit:     vector=236
  <idle>-0       0d.h. 1686265612.400682855: local_timer_entry:    vector=236
  <idle>-0       0d.h. 1686265612.400693738: local_timer_exit:     vector=236
  <idle>-0       0d.h. 1686265612.404684596: local_timer_entry:    vector=236
  <idle>-0       0d.h. 1686265612.404694459: local_timer_exit:     vector=236
  <idle>-0       0d.h. 1686265612.408685204: local_timer_entry:    vector=236
  <idle>-0       0d.h. 1686265612.408695954: local_timer_exit:     vector=236
  <idle>-0       0d.h. 1686265612.446178519: irq_handler_entry:    irq=39 name=eno1-TxRx-1
  <idle>-0       0d.h. 1686265612.446180979: irq_handler_exit:     irq=39 ret=handled
  <idle>-0       0d.h. 1686265612.448683958: local_timer_entry:    vector=236
  <idle>-0       0d.h. 1686265612.448694435: local_timer_exit:     vector=236
  <idle>-0       0d.h. 1686265612.452682873: local_timer_entry:    vector=236
  <idle>-0       0d.h. 1686265612.452692612: local_timer_exit:     vector=236
  <idle>-0       0d.h. 1686265612.488687462: local_timer_entry:    vector=236
  <idle>-0       0d.h. 1686265612.488694646: local_timer_exit:     vector=236
  <idle>-0       0d.H. 1686265612.488736572: irq_handler_entry:    irq=39 name=eno1-TxRx-1
  <idle>-0       0d.H. 1686265612.488737862: irq_handler_exit:     irq=39 ret=handled
  <idle>-0       0d.h. 1686265612.652688205: local_timer_entry:    vector=236
  <idle>-0       0d.h. 1686265612.652695488: local_timer_exit:     vector=236
  <idle>-0       0d.h. 1686265612.824738345: reschedule_entry:     vector=253
  <idle>-0       0d.h. 1686265612.824741295: reschedule_exit:      vector=253
  <idle>-0       0d.h. 1686265612.950058837: irq_handler_entry:    irq=39 name=eno1-TxRx-1
  <idle>-0       0d.h. 1686265612.950060937: irq_handler_exit:     irq=39 ret=handled
  <idle>-0       0d.h. 1686265612.950079823: irq_handler_entry:    irq=39 name=eno1-TxRx-1
  <idle>-0       0d.h. 1686265612.950080423: irq_handler_exit:     irq=39 ret=handled
  <idle>-0       0d.h. 1686265612.982149431: irq_handler_entry:    irq=39 name=eno1-TxRx-1
  <idle>-0       0d.h. 1686265612.982151504: irq_handler_exit:     irq=39 ret=handled
  <idle>-0       0d.h. 1686265613.030438201: irq_handler_entry:    irq=39 name=eno1-TxRx-1
  <idle>-0       0d.h. 1686265613.030440347: irq_handler_exit:     irq=39 ret=handled
  <idle>-0       0dNh. 1686265613.030506163: irq_handler_entry:    irq=39 name=eno1-TxRx-1
  <idle>-0       0dNh. 1686265613.030507027: irq_handler_exit:     irq=39 ret=handled
  <idle>-0       0d.h. 1686265613.072689571: local_timer_entry:    vector=236
  <idle>-0       0d.h. 1686265613.072697034: local_timer_exit:     vector=236
  <idle>-0       0d.h. 1686265613.204688958: local_timer_entry:    vector=236
  <idle>-0       0d.h. 1686265613.204696218: local_timer_exit:     vector=236
  <idle>-0       0d.h. 1686265613.236688900: local_timer_entry:    vector=236
  <idle>-0       0d.h. 1686265613.236696043: local_timer_exit:     vector=236
  <idle>-0       0d.h. 1686265613.564691831: local_timer_entry:    vector=236
  <idle>-0       0dNh. 1686265613.564703791: local_timer_exit:     vector=236
  <idle>-0       0d.h. 1686265613.588690411: local_timer_entry:    vector=236
  <idle>-0       0d.h. 1686265613.588698054: local_timer_exit:     vector=236
  <idle>-0       0d.h. 1686265613.648233810: irq_handler_entry:    irq=39 name=eno1-TxRx-1
  <idle>-0       0d.h. 1686265613.648235910: irq_handler_exit:     irq=39 ret=handled
  <idle>-0       0d.h. 1686265613.648247243: irq_handler_entry:    irq=39 name=eno1-TxRx-1
  <idle>-0       0d.h. 1686265613.648247723: irq_handler_exit:     irq=39 ret=handled
  <idle>-0       0d.h. 1686265613.648689791: local_timer_entry:    vector=236
  <idle>-0       0d.h. 1686265613.648697291: local_timer_exit:     vector=236
  <idle>-0       0d.h. 1686265613.723310459: irq_handler_entry:    irq=39 name=eno1-TxRx-1
  <idle>-0       0d.h. 1686265613.723312599: irq_handler_exit:     irq=39 ret=handled
  <idle>-0       0d.h. 1686265613.832730968: reschedule_entry:     vector=253
  <idle>-0       0d.h. 1686265613.832733395: reschedule_exit:      vector=253
  <idle>-0       0d.h. 1686265614.068690611: local_timer_entry:    vector=236
  <idle>-0       0d.h. 1686265614.068697984: local_timer_exit:     vector=236
  <idle>-0       0d.h. 1686265614.156079442: irq_handler_entry:    irq=39 name=eno1-TxRx-1
  <idle>-0       0d.h. 1686265614.156081569: irq_handler_exit:     irq=39 ret=handled
  <idle>-0       0dNh. 1686265614.156148005: irq_handler_entry:    irq=39 name=eno1-TxRx-1
  <idle>-0       0dNh. 1686265614.156148848: irq_handler_exit:     irq=39 ret=handled
  <idle>-0       0d.h. 1686265614.228689788: local_timer_entry:    vector=236
  <idle>-0       0d.h. 1686265614.228696888: local_timer_exit:     vector=236
  <idle>-0       0d.h. 1686265614.324879903: irq_handler_entry:    irq=39 name=eno1-TxRx-1
  <idle>-0       0d.h. 1686265614.324882019: irq_handler_exit:     irq=39 ret=handled
  <idle>-0       0d.h. 1686265614.368691614: local_timer_entry:    vector=236
  <idle>-0       0d.h. 1686265614.368698897: local_timer_exit:     vector=236
