cpus=8
  <idle>-0       0d.h. 1686265651.992673830: local_timer_entry:    vector=236
  <idle>-0       0d.h. 1686265651.992679839: local_timer_exit:     vector=236
  <idle>-0       0d.h. 1686265651.996675004: local_timer_entry:    vector=236
  <idle>-0       0d.h. 1686265651.996682087: local_timer_exit:     vector=236
  <idle>-0       0d.h. 1686265652.000675733: local_timer_entry:    vector=236
  <idle>-0       0d.h. 1686265652.000683800: local_timer_exit:     vector=236
  <idle>-0       0d.h. 1686265652.004676238: local_timer_entry:    vector=236
  <idle>-0       0d.h. 1686265652.004684048: local_timer_exit:     vector=236
  <idle>-0       0d.h. 1686265652.008675735: local_timer_entry:    vector=236
  <idle>-0       0d.h. 1686265652.008683669: local_timer_exit:     vector=236
  <idle>-0       0d.h. 1686265652.012677047: local_timer_entry:    vector=236
  <idle>-0       0d.h. 1686265652.012685116: local_timer_exit:     vector=236
  <idle>-0       0d.h. 1686265652.016675981: local_timer_entry:    vector=236
  <idle>-0       0d.h. 1686265652.016684201: local_timer_exit:     vector=236
  <idle>-0       0d.h. 1686265652.052764833: reschedule_entry:     vector=253
  <idle>-0       0d.h. 1686265652.052767323: reschedule_exit:      vector=253
  <idle>-0       0d.h. 1686265652.067263016: irq_handler_entry:    irq=39 name=eno1-TxRx-1
  <idle>-0       0d.h. 1686265652.067266606: irq_handler_exit:     irq=39 ret=handled
  <idle>-0       0d.h. 1686265652.067281149: irq_handler_entry:    irq=39 name=eno1-TxRx-1
  <idle>-0       0d.h. 1686265652.067281636: irq_handler_exit:     irq=39 ret=handled
  <idle>-0       0d.h. 1686265652.068680132: local_timer_entry:    vector=236
  <idle>-0       0d.h. 1686265652.068687129: local_timer_exit:     vector=236
  <idle>-0       0d.h. 1686265652.097280732: irq_handler_entry:    irq=39 name=eno1-TxRx-1
  <idle>-0       0d.h. 1686265652.097282879: irq_handler_exit:     irq=39 ret=handled
  <idle>-0       0d.h. 1686265652.098170822: irq_handler_entry:    irq=39 name=eno1-TxRx-1
  <idle>-0       0d.h. 1686265652.098172975: irq_handler_exit:     irq=39 ret=handled
  <idle>-0       0dNh. 1686265652.098252444: irq_handler_entry:    irq=39 name=eno1-TxRx-1
  <idle>-0       0dNh. 1686265652.098253357: irq_handler_exit:     irq=39 ret=handled
  <idle>-0       0d.h. 1686265652.103305839: irq_handler_entry:    irq=39 name=eno1-TxRx-1
  <idle>-0       0d.h. 1686265652.103308005: irq_handler_exit:     irq=39 ret=handled
  <idle>-0       0d.h. 1686265652.103318235: irq_handler_entry:    irq=39 name=eno1-TxRx-1
  <idle>-0       0d.h. 1686265652.103318809: irq_handler_exit:     irq=39 ret=handled
  <idle>-0       0d.h. 1686265652.116679882: local_timer_entry:    vector=236
  <idle>-0       0d.h. 1686265652.116686865: local_timer_exit:     vector=236
  <idle>-0       0d.h. 1686265652.131172938: irq_handler_entry:    irq=39 name=eno1-TxRx-1
  <idle>-0       0d.h. 1686265652.131175012: irq_handler_exit:     irq=39 ret=handled
  <idle>-0       0d.h. 1686265652.148711284: local_timer_entry:    vector=236
  <idle>-0       0dNh. 1686265652.148725887: local_timer_exit:     vector=236
  <idle>-0       0d.h. 1686265652.152676015: local_timer_entry:    vector=236
  <idle>-0       0d.h. 1686265652.152684052: local_timer_exit:     vector=236
  <idle>-0       0d.h. 1686265652.156676113: local_timer_entry:    vector=236
  <idle>-0       0d.h. 1686265652.156685940: local_timer_exit:     vector=236
  <idle>-0       0d.h. 1686265652.160683218: local_timer_entry:    vector=236
  <idle>-0       0d.h. 1686265652.160691034: local_timer_exit:     vector=236
  <idle>-0       0d.h. 1686265652.164676989: local_timer_entry:    vector=236
  <idle>-0       0d.h. 1686265652.164686849: local_timer_exit:     vector=236
  <idle>-0       0d.h. 1686265652.308872840: irq_handler_entry:    irq=39 name=eno1-TxRx-1
  <idle>-0       0d.h. 1686265652.308875213: irq_handler_exit:     irq=39 ret=handled
  <idle>-0       0d.h. 1686265652.312679506: local_timer_entry:    vector=236
  <idle>-0       0d.h. 1686265652.312686676: local_timer_exit:     vector=236
  <idle>-0       0d.h. 1686265652.349108754: local_timer_entry:    vector=236
  <idle>-0       0dNh. 1686265652.349123561: local_timer_exit:     vector=236
  <idle>-0       0d.h. 1686265652.352678351: local_timer_entry:    vector=236
  <idle>-0       0d.h. 1686265652.352686824: local_timer_exit:     vector=236
  <idle>-0       0d.h. 1686265652.356678122: local_timer_entry:    vector=236
  <idle>-0       0d.h. 1686265652.356688892: local_timer_exit:     vector=236
  <idle>-0       0d.h. 1686265652.360676653: local_timer_entry:    vector=236
  <idle>-0       0d.h. 1686265652.360684476: local_timer_exit:     vector=236
  <idle>-0       0d.h. 1686265652.364676664: local_timer_entry:    vector=236
  <idle>-0       0d.h. 1686265652.364686517: local_timer_exit:     vector=236
  <idle>-0       0d.h. 1686265652.404680442: local_timer_entry:    vector=236
  <idle>-0       0d.h. 1686265652.404687448: local_timer_exit:     vector=236
  <idle>-0       0d.h. 1686265652.549502545: local_timer_entry:    vector=236
  <idle>-0       0dNh. 1686265652.549517658: local_timer_exit:     vector=236
  <idle>-0       0d.h. 1686265652.552678446: local_timer_entry:    vector=236
  <idle>-0       0d.h. 1686265652.552688239: local_timer_exit:     vector=236
  <idle>-0       0d.h. 1686265652.556677184: local_timer_entry:    vector=236
  <idle>-0       0d.h. 1686265652.556687024: local_timer_exit:     vector=236
  <idle>-0       0d.h. 1686265652.560677455: local_timer_entry:    vector=236
  <idle>-0       0d.h. 1686265652.560685325: local_timer_exit:     vector=236
  <idle>-0       0d.h. 1686265652.564678740: local_timer_entry:    vector=236
  <idle>-0       0d.h. 1686265652.564686843: local_timer_exit:     vector=236
  <idle>-0       0d.h. 1686265652.564735049: reschedule_entry:     vector=253
  <idle>-0       0d.h. 1686265652.564736342: reschedule_exit:      vector=253
  <idle>-0       0d.h. 1686265652.749898456: local_timer_entry:    vector=236
  <idle>-0       0dNh. 1686265652.749913439: local_timer_exit:     vector=236
  <idle>-0       0d.h. 1686265652.752679168: local_timer_entry:    vector=236
  <idle>-0       0d.h. 1686265652.752689482: local_timer_exit:     vector=236
  <idle>-0       0d.h. 1686265652.756677713: local_timer_entry:    vector=236
  <idle>-0       0d.h. 1686265652.756687539: local_timer_exit:     vector=236
  <idle>-0       0d.h. 1686265652.760677967: local_timer_entry:    vector=236
  <idle>-0       0d.h. 1686265652.760685881: local_timer_exit:     vector=236
  <idle>-0       0d.h. 1686265652.764678055: local_timer_entry:    vector=236
  <idle>-0       0d.h. 1686265652.764687882: local_timer_exit:     vector=236
  <idle>-0       0d.h. 1686265652.908251560: local_timer_entry:    vector=236
  <idle>-0       0dNh. 1686265652.908266680: local_timer_exit:     vector=236
  <idle>-0       0d.h. 1686265652.950419061: local_timer_entry:    vector=236
  <idle>-0       0dNh. 1686265652.950433578: local_timer_exit:     vector=236
  <idle>-0       0d.h. 1686265652.952679994: local_timer_entry:    vector=236
  <idle>-0       0d.h. 1686265652.952688767: local_timer_exit:     vector=236
  <idle>-0       0d.H. 1686265652.952690404: reschedule_entry:     vector=253
  <idle>-0       0d.H. 1686265652.952691824: reschedule_exit:      vector=253
  <idle>-0       0d.h. 1686265652.953121638: irq_handler_entry:    irq=39 name=eno1-TxRx-1
  <idle>-0       0d.h. 1686265652.953123738: irq_handler_exit:     irq=39 ret=handled
  <idle>-0       0d.h. 1686265652.953140148: irq_handler_entry:    irq=39 name=eno1-TxRx-1
  <idle>-0       0d.h. 1686265652.953140688: irq_handler_exit:     irq=39 ret=handled
  <idle>-0       0d.h. 1686265652.956678255: local_timer_entry:    vector=236
  <idle>-0       0d.h. 1686265652.956690165: local_timer_exit:     vector=236
  <idle>-0       0d.h. 1686265652.960678299: local_timer_entry:    vector=236
  <idle>-0       0d.h. 1686265652.960686469: local_timer_exit:     vector=236
  <idle>-0       0d.h. 1686265652.964678377: local_timer_entry:    vector=236
  <idle>-0       0d.h. 1686265652.964688694: local_timer_exit:     vector=236
  <idle>-0       0d.h. 1686265653.048300315: irq_handler_entry:    irq=39 name=eno1-TxRx-1
  <idle>-0       0d.h. 1686265653.048302522: irq_handler_exit:     irq=39 ret=handled
  <idle>-0       0d.h. 1686265653.052715344: local_timer_entry:    vector=236
  <idle>-0       0dNh. 1686265653.052730044: local_timer_exit:     vector=236
  <idle>-0       0d.h. 1686265653.060656097: irq_handler_entry:    irq=39 name=eno1-TxRx-1
  <idle>-0       0d.h. 1686265653.060658157: irq_handler_exit:     irq=39 ret=handled
  <idle>-0       0dNh. 1686265653.060722067: irq_handler_entry:    irq=39 name=eno1-TxRx-1
  <idle>-0       0dNh. 1686265653.060723000: irq_handler_exit:     irq=39 ret=handled
  <idle>-0       0d.h. 1686265653.063452863: irq_handler_entry:    irq=39 name=eno1-TxRx-1
  <idle>-0       0d.h. 1686265653.063455043: irq_handler_exit:     irq=39 ret=handled
  <idle>-0       0d.h. 1686265653.063473843: irq_handler_entry:    irq=39 name=eno1-TxRx-1
  <idle>-0       0d.h. 1686265653.063474460: irq_handler_exit:     irq=39 ret=handled
  <idle>-0       0d.h. 1686265653.105538295: irq_handler_entry:    irq=39 name=eno1-TxRx-1
  <idle>-0       0d.h. 1686265653.105540422: irq_handler_exit:     irq=39 ret=handled
  <idle>-0       0dNh. 1686265653.105613251: irq_handler_entry:    irq=39 name=eno1-TxRx-1
  <idle>-0       0dNh. 1686265653.105614201: irq_handler_exit:     irq=39 ret=handled
    sshd-27910   0d.h. 1686265653.105661821: irq_handler_entry:    irq=39 name=eno1-TxRx-1
    sshd-27910   0d.h. 1686265653.105662671: irq_handler_exit:     irq=39 ret=handled
  <idle>-0       0d.h. 1686265653.108391234: irq_handler_entry:    irq=39 name=eno1-TxRx-1
  <idle>-0       0d.h. 1686265653.108393347: irq_handler_exit:     irq=39 ret=handled
  <idle>-0       0d.h. 1686265653.108410537: irq_handler_entry:    irq=39 name=eno1-TxRx-1
  <idle>-0       0d.h. 1686265653.108411147: irq_handler_exit:     irq=39 ret=handled
  <idle>-0       0d.h. 1686265653.108674497: local_timer_entry:    vector=236
  <idle>-0       0d.h. 1686265653.108684244: local_timer_exit:     vector=236
  <idle>-0       0d.h. 1686265653.137779528: irq_handler_entry:    irq=39 name=eno1-TxRx-1
  <idle>-0       0d.h. 1686265653.137781668: irq_handler_exit:     irq=39 ret=handled
  <idle>-0       0d.h. 1686265653.140681433: local_timer_entry:    vector=236
  <idle>-0       0d.h. 1686265653.140688526: local_timer_exit:     vector=236
  <idle>-0       0d.h. 1686265653.145182058: irq_handler_entry:    irq=39 name=eno1-TxRx-1
  <idle>-0       0d.h. 1686265653.145184191: irq_handler_exit:     irq=39 ret=handled
  <idle>-0       0d.h. 1686265653.148117642: irq_handler_entry:    irq=39 name=eno1-TxRx-1
  <idle>-0       0d.h. 1686265653.148119808: irq_handler_exit:     irq=39 ret=handled
  <idle>-0       0d.h. 1686265653.148138438: irq_handler_entry:    irq=39 name=eno1-TxRx-1
  <idle>-0       0d.h. 1686265653.148139051: irq_handler_exit:     irq=39 ret=handled
  <idle>-0       0d.h. 1686265653.151042653: local_timer_entry:    vector=236
  <idle>-0       0dNh. 1686265653.151057982: local_timer_exit:     vector=236
  <idle>-0       0d.h. 1686265653.152678713: local_timer_entry:    vector=236
  <idle>-0       0d.h. 1686265653.152688959: local_timer_exit:     vector=236
  <idle>-0       0d.h. 1686265653.156680970: local_timer_entry:    vector=236
  <idle>-0       0d.h. 1686265653.156691320: local_timer_exit:     vector=236
  <idle>-0       0d.h. 1686265653.160678802: local_timer_entry:    vector=236
  <idle>-0       0d.h. 1686265653.160686591: local_timer_exit:     vector=236
  <idle>-0       0d.h. 1686265653.164678806: local_timer_entry:    vector=236
  <idle>-0       0d.h. 1686265653.164688672: local_timer_exit:     vector=236
  <idle>-0       0d.h. 1686265653.176108413: irq_handler_entry:    irq=39 name=eno1-TxRx-1
  <idle>-0       0d.h. 1686265653.176110546: irq_handler_exit:     irq=39 ret=handled
  <idle>-0       0d.h. 1686265653.179760468: irq_handler_entry:    irq=39 name=eno1-TxRx-1
  <idle>-0       0d.h. 1686265653.179762662: irq_handler_exit:     irq=39 ret=handled
  <idle>-0       0d.h. 1686265653.180724016: reschedule_entry:     vector=253
  <idle>-0       0d.h. 1686265653.180727140: reschedule_exit:      vector=253
  <idle>-0       0d.h. 1686265653.181966015: irq_handler_entry:    irq=39 name=eno1-TxRx-1
  <idle>-0       0d.h. 1686265653.181968168: irq_handler_exit:     irq=39 ret=handled
  <idle>-0       0d.h. 1686265653.181986671: irq_handler_entry:    irq=39 name=eno1-TxRx-1
  <idle>-0       0d.h. 1686265653.181987261: irq_handler_exit:     irq=39 ret=handled
  <idle>-0       0d.h. 1686265653.188734079: reschedule_entry:     vector=253
  <idle>-0       0d.h. 1686265653.188736592: reschedule_exit:      vector=253
  <idle>-0       0d.h. 1686265653.196727181: reschedule_entry:     vector=253
  <idle>-0       0d.h. 1686265653.196729628: reschedule_exit:      vector=253
  <idle>-0       0d.h. 1686265653.209867987: irq_handler_entry:    irq=39 name=eno1-TxRx-1
  <idle>-0       0d.h. 1686265653.209870184: irq_handler_exit:     irq=39 ret=handled
  <idle>-0       0d.h. 1686265653.218486748: irq_handler_entry:    irq=39 name=eno1-TxRx-1
  <idle>-0       0d.h. 1686265653.218488855: irq_handler_exit:     irq=39 ret=handled
  <idle>-0       0d.h. 1686265653.221768275: irq_handler_entry:    irq=39 name=eno1-TxRx-1
  <idle>-0       0d.h. 1686265653.221770428: irq_handler_exit:     irq=39 ret=handled
  <idle>-0       0d.h. 1686265653.221789281: irq_handler_entry:    irq=39 name=eno1-TxRx-1
  <idle>-0       0d.h. 1686265653.221789861: irq_handler_exit:     irq=39 ret=handled
  <idle>-0       0d.h. 1686265653.253887996: irq_handler_entry:    irq=39 name=eno1-TxRx-1
  <idle>-0       0d.h. 1686265653.253890076: irq_handler_exit:     irq=39 ret=handled
  <idle>-0       0d.h. 1686265653.257118609: irq_handler_entry:    irq=39 name=eno1-TxRx-1
  <idle>-0       0d.h. 1686265653.257120809: irq_handler_exit:     irq=39 ret=handled
  <idle>-0       0d.h. 1686265653.260144312: irq_handler_entry:    irq=39 name=eno1-TxRx-1
  <idle>-0       0d.h. 1686265653.260146479: irq_handler_exit:     irq=39 ret=handled
  <idle>-0       0d.h. 1686265653.260165186: irq_handler_entry:    irq=39 name=eno1-TxRx-1
  <idle>-0       0d.h. 1686265653.260165809: irq_handler_exit:     irq=39 ret=handled
  <idle>-0       0d.h. 1686265653.287915016: irq_handler_entry:    irq=39 name=eno1-TxRx-1
  <idle>-0       0d.h. 1686265653.287917206: irq_handler_exit:     irq=39 ret=handled
  <idle>-0       0d.h. 1686265653.297877375: irq_handler_entry:    irq=39 name=eno1-TxRx-1
  <idle>-0       0d.h. 1686265653.297879455: irq_handler_exit:     irq=39 ret=handled
  <idle>-0       0d.h. 1686265653.300526672: irq_handler_entry:    irq=39 name=eno1-TxRx-1
  <idle>-0       0d.h. 1686265653.300528839: irq_handler_exit:     irq=39 ret=handled
  <idle>-0       0d.h. 1686265653.300547825: irq_handler_entry:    irq=39 name=eno1-TxRx-1
  <idle>-0       0d.h. 1686265653.300548439: irq_handler_exit:     irq=39 ret=handled
  <idle>-0       0d.h. 1686265653.328668735: irq_handler_entry:    irq=39 name=eno1-TxRx-1
  <idle>-0       0d.h. 1686265653.328670842: irq_handler_exit:     irq=39 ret=handled
  <idle>-0       0d.h. 1686265653.332114466: irq_handler_entry:    irq=39 name=eno1-TxRx-1
  <idle>-0       0d.h. 1686265653.332116546: irq_handler_exit:     irq=39 ret=handled
  <idle>-0       0d.h. 1686265653.334986344: irq_handler_entry:    irq=39 name=eno1-TxRx-1
  <idle>-0       0d.h. 1686265653.334988444: irq_handler_exit:     irq=39 ret=handled
  <idle>-0       0d.h. 1686265653.335007574: irq_handler_entry:    irq=39 name=eno1-TxRx-1
  <idle>-0       0d.h. 1686265653.335008157: irq_handler_exit:     irq=39 ret=handled
  <idle>-0       0d.h. 1686265653.351433863: local_timer_entry:    vector=236
  <idle>-0       0dNh. 1686265653.351448683: local_timer_exit:     vector=236
  <idle>-0       0d.h. 1686265653.352681935: local_timer_entry:    vector=236
  <idle>-0       0d.h. 1686265653.352691238: local_timer_exit:     vector=236
  <idle>-0       0d.h. 1686265653.356680156: local_timer_entry:    vector=236
  <idle>-0       0d.h. 1686265653.356689169: local_timer_exit:     vector=236
  <idle>-0       0d.H. 1686265653.356691836: irq_work_entry:       vector=246
  <idle>-0       0dNH. 1686265653.356703172: irq_work_exit:        vector=246
  <idle>-0       0d.h. 1686265653.360679484: local_timer_entry:    vector=236
  <idle>-0       0d.h. 1686265653.360687667: local_timer_exit:     vector=236
  <idle>-0       0d.h. 1686265653.362501075: irq_handler_entry:    irq=39 name=eno1-TxRx-1
  <idle>-0       0d.h. 1686265653.362503201: irq_handler_exit:     irq=39 ret=handled
  <idle>-0       0d.h. 1686265653.364679348: local_timer_entry:    vector=236
  <idle>-0       0d.h. 1686265653.364690265: local_timer_exit:     vector=236
  <idle>-0       0d.h. 1686265653.372681674: local_timer_entry:    vector=236
  <idle>-0       0d.h. 1686265653.372688550: local_timer_exit:     vector=236
  <idle>-0       0d.h. 1686265653.536684172: local_timer_entry:    vector=236
  <idle>-0       0d.h. 1686265653.536691679: local_timer_exit:     vector=236
  <idle>-0       0d.h. 1686265653.551827701: local_timer_entry:    vector=236
  <idle>-0       0dNh. 1686265653.551842907: local_timer_exit:     vector=236
  <idle>-0       0d.h. 1686265653.552677104: local_timer_entry:    vector=236
  <idle>-0       0d.h. 1686265653.552683167: local_timer_exit:     vector=236
  <idle>-0       0d.h. 1686265653.556680075: local_timer_entry:    vector=236
  <idle>-0       0d.h. 1686265653.556689391: local_timer_exit:     vector=236
  <idle>-0       0d.h. 1686265653.560680219: local_timer_entry:    vector=236
  <idle>-0       0d.h. 1686265653.560691149: local_timer_exit:     vector=236
  <idle>-0       0d.h. 1686265653.564683317: local_timer_entry:    vector=236
  <idle>-0       0dNh. 1686265653.564700430: local_timer_exit:     vector=236
  <idle>-0       0d.h. 1686265653.654643161: irq_handler_entry:    irq=39 name=eno1-TxRx-1
  <idle>-0       0d.h. 1686265653.654645311: irq_handler_exit:     irq=39 ret=handled
  <idle>-0       0d.h. 1686265653.654664334: irq_handler_entry:    irq=39 name=eno1-TxRx-1
  <idle>-0       0d.h. 1686265653.654664914: irq_handler_exit:     irq=39 ret=handled
  <idle>-0       0d.h. 1686265653.684681537: local_timer_entry:    vector=236
  <idle>-0       0d.h. 1686265653.684689280: local_timer_exit:     vector=236
  <idle>-0       0d.h. 1686265653.752222178: local_timer_entry:    vector=236
  <idle>-0       0dNh. 1686265653.752237848: local_timer_exit:     vector=236
  <idle>-0       0d.h. 1686265653.752677729: local_timer_entry:    vector=236
  <idle>-0       0d.h. 1686265653.752683609: local_timer_exit:     vector=236
  <idle>-0       0d.h. 1686265653.756681690: local_timer_entry:    vector=236
  <idle>-0       0d.h. 1686265653.756691543: local_timer_exit:     vector=236
  <idle>-0       0d.h. 1686265653.760680415: local_timer_entry:    vector=236
  <idle>-0       0d.h. 1686265653.760688304: local_timer_exit:     vector=236
  <idle>-0       0d.h. 1686265653.760890085: irq_handler_entry:    irq=39 name=eno1-TxRx-1
  <idle>-0       0d.h. 1686265653.760892199: irq_handler_exit:     irq=39 ret=handled
  <idle>-0       0d.h. 1686265653.764682232: local_timer_entry:    vector=236
  <idle>-0       0d.h. 1686265653.764692125: local_timer_exit:     vector=236
  <idle>-0       0d.h. 1686265653.952617162: local_timer_entry:    vector=236
  <idle>-0       0dNh. 1686265653.952632265: local_timer_exit:     vector=236
    node-28014   0d.h. 1686265653.952676581: local_timer_entry:    vector=236
    node-28014   0d.h. 1686265653.952685948: local_timer_exit:     vector=236
  <idle>-0       0d.h. 1686265653.956682405: local_timer_entry:    vector=236
  <idle>-0       0d.h. 1686265653.956692265: local_timer_exit:     vector=236
  <idle>-0       0d.h. 1686265653.960681717: local_timer_entry:    vector=236
  <idle>-0       0d.h. 1686265653.960691610: local_timer_exit:     vector=236
  <idle>-0       0d.h. 1686265653.964681208: local_timer_entry:    vector=236
  <idle>-0       0d.h. 1686265653.964689044: local_timer_exit:     vector=236
  <idle>-0       0d.h. 1686265653.968682019: local_timer_entry:    vector=236
  <idle>-0       0d.h. 1686265653.968691872: local_timer_exit:     vector=236
  <idle>-0       0d.h. 1686265654.068686257: local_timer_entry:    vector=236
  <idle>-0       0d.h. 1686265654.068693806: local_timer_exit:     vector=236
  <idle>-0       0d.h. 1686265654.108972534: irq_handler_entry:    irq=39 name=eno1-TxRx-1
  <idle>-0       0d.h. 1686265654.108974661: irq_handler_exit:     irq=39 ret=handled
  <idle>-0       0d.h. 1686265654.153032132: local_timer_entry:    vector=236
  <idle>-0       0dNh. 1686265654.153046512: local_timer_exit:     vector=236
  <idle>-0       0d.h. 1686265654.156683608: local_timer_entry:    vector=236
  <idle>-0       0d.h. 1686265654.156693924: local_timer_exit:     vector=236
  <idle>-0       0d.H. 1686265654.156725484: irq_handler_entry:    irq=39 name=eno1-TxRx-1
  <idle>-0       0d.H. 1686265654.156726797: irq_handler_exit:     irq=39 ret=handled
  <idle>-0       0d.h. 1686265654.156773313: irq_handler_entry:    irq=39 name=eno1-TxRx-1
  <idle>-0       0d.h. 1686265654.156774016: irq_handler_exit:     irq=39 ret=handled
  <idle>-0       0d.h. 1686265654.160681725: local_timer_entry:    vector=236
  <idle>-0       0d.h. 1686265654.160692042: local_timer_exit:     vector=236
  <idle>-0       0d.h. 1686265654.164681473: local_timer_entry:    vector=236
  <idle>-0       0d.h. 1686265654.164689380: local_timer_exit:     vector=236
  <idle>-0       0d.h. 1686265654.168684781: local_timer_entry:    vector=236
  <idle>-0       0d.h. 1686265654.168695064: local_timer_exit:     vector=236
  <idle>-0       0d.h. 1686265654.192726587: reschedule_entry:     vector=253
  <idle>-0       0d.h. 1686265654.192729084: reschedule_exit:      vector=253
  <idle>-0       0d.h. 1686265654.324681988: local_timer_entry:    vector=236
  <idle>-0       0d.h. 1686265654.324689181: local_timer_exit:     vector=236
  <idle>-0       0d.h. 1686265654.324873132: irq_handler_entry:    irq=39 name=eno1-TxRx-1
  <idle>-0       0d.h. 1686265654.324875279: irq_handler_exit:     irq=39 ret=handled
  <idle>-0       0d.h. 1686265654.353439503: local_timer_entry:    vector=236
  <idle>-0       0dNh. 1686265654.353454279: local_timer_exit:     vector=236
  <idle>-0       0d.h. 1686265654.356681943: local_timer_entry:    vector=236
  <idle>-0       0d.h. 1686265654.356691980: local_timer_exit:     vector=236
  <idle>-0       0d.h. 1686265654.360682001: local_timer_entry:    vector=236
  <idle>-0       0d.h. 1686265654.360692944: local_timer_exit:     vector=236
  <idle>-0       0d.h. 1686265654.364682045: local_timer_entry:    vector=236
  <idle>-0       0d.h. 1686265654.364689962: local_timer_exit:     vector=236
  <idle>-0       0d.h. 1686265654.368682276: local_timer_entry:    vector=236
  <idle>-0       0d.h. 1686265654.368692580: local_timer_exit:     vector=236
  <idle>-0       0d.h. 1686265654.553833250: local_timer_entry:    vector=236
  <idle>-0       0dNh. 1686265654.553848670: local_timer_exit:     vector=236
  <idle>-0       0d.h. 1686265654.556683472: local_timer_entry:    vector=236
  <idle>-0       0d.h. 1686265654.556693172: local_timer_exit:     vector=236
  <idle>-0       0d.h. 1686265654.560683503: local_timer_entry:    vector=236
  <idle>-0       0d.h. 1686265654.560693356: local_timer_exit:     vector=236
  <idle>-0       0d.h. 1686265654.564682587: local_timer_entry:    vector=236
  <idle>-0       0d.h. 1686265654.564690491: local_timer_exit:     vector=236
  <idle>-0       0d.h. 1686265654.568683432: local_timer_entry:    vector=236
  <idle>-0       0d.h. 1686265654.568693715: local_timer_exit:     vector=236
  <idle>-0       0d.h. 1686265654.572684816: local_timer_entry:    vector=236
  <idle>-0       0d.h. 1686265654.572692646: local_timer_exit:     vector=236
  <idle>-0       0d.h. 1686265654.754227464: local_timer_entry:    vector=236
  <idle>-0       0dNh. 1686265654.754242327: local_timer_exit:     vector=236
  <idle>-0       0d.h. 1686265654.756683934: local_timer_entry:    vector=236
  <idle>-0       0d.h. 1686265654.756693754: local_timer_exit:     vector=236
  <idle>-0       0d.h. 1686265654.760683312: local_timer_entry:    vector=236
  <idle>-0       0d.h. 1686265654.760693588: local_timer_exit:     vector=236
  <idle>-0       0d.h. 1686265654.764683116: local_timer_entry:    vector=236
  <idle>-0       0d.h. 1686265654.764690983: local_timer_exit:     vector=236
  <idle>-0       0d.h. 1686265654.768683121: local_timer_entry:    vector=236
  <idle>-0       0d.h. 1686265654.768692974: local_timer_exit:     vector=236
  <idle>-0       0d.h. 1686265654.954621675: local_timer_entry:    vector=236
  <idle>-0       0dNh. 1686265654.954636784: local_timer_exit:     vector=236
  <idle>-0       0d.h. 1686265654.956685273: local_timer_entry:    vector=236
  <idle>-0       0d.h. 1686265654.956694973: local_timer_exit:     vector=236
  <idle>-0       0d.h. 1686265654.960683641: local_timer_entry:    vector=236
  <idle>-0       0d.h. 1686265654.960693440: local_timer_exit:     vector=236
  <idle>-0       0d.h. 1686265654.964683678: local_timer_entry:    vector=236
  <idle>-0       0d.h. 1686265654.964691482: local_timer_exit:     vector=236
  <idle>-0       0d.h. 1686265654.968684036: local_timer_entry:    vector=236
  <idle>-0       0d.h. 1686265654.968693869: local_timer_exit:     vector=236
  <idle>-0       0dNh. 1686265655.148720379: reschedule_entry:     vector=253
  <idle>-0       0dNh. 1686265655.148722296: reschedule_exit:      vector=253
  <idle>-0       0d.h. 1686265655.155012919: local_timer_entry:    vector=236
  <idle>-0       0dNh. 1686265655.155027748: local_timer_exit:     vector=236
  <idle>-0       0d.h. 1686265655.156685152: local_timer_entry:    vector=236
  <idle>-0       0d.h. 1686265655.156693415: local_timer_exit:     vector=236
  <idle>-0       0d.h. 1686265655.160684229: local_timer_entry:    vector=236
  <idle>-0       0d.h. 1686265655.160692199: local_timer_exit:     vector=236
  <idle>-0       0d.h. 1686265655.164684300: local_timer_entry:    vector=236
  <idle>-0       0d.h. 1686265655.164692237: local_timer_exit:     vector=236
  <idle>-0       0d.h. 1686265655.168684205: local_timer_entry:    vector=236
  <idle>-0       0d.h. 1686265655.168692281: local_timer_exit:     vector=236
  <idle>-0       0d.h. 1686265655.172684216: local_timer_entry:    vector=236
  <idle>-0       0d.h. 1686265655.172692139: local_timer_exit:     vector=236
  <idle>-0       0d.h. 1686265655.176684214: local_timer_entry:    vector=236
  <idle>-0       0d.h. 1686265655.176694040: local_timer_exit:     vector=236
  <idle>-0       0d.h. 1686265655.188686597: local_timer_entry:    vector=236
  <idle>-0       0d.h. 1686265655.188693544: local_timer_exit:     vector=236
    mg.W-30035   0d.h. 1686265655.352681599: local_timer_entry:    vector=236
    mg.W-30035   0d.h. 1686265655.352694892: local_timer_exit:     vector=236
    mg.W-30035   0d.h. 1686265655.355400173: local_timer_entry:    vector=236
    mg.W-30035   0d.h. 1686265655.355411586: local_timer_exit:     vector=236
    mg.W-30035   0d.h. 1686265655.356681997: local_timer_entry:    vector=236
    mg.W-30035   0d.h. 1686265655.356694780: local_timer_exit:     vector=236
    mg.W-30035   0d.h. 1686265655.360680078: local_timer_entry:    vector=236
    mg.W-30035   0d.h. 1686265655.360687765: local_timer_exit:     vector=236
    mg.W-30035   0d.h. 1686265655.364681379: local_timer_entry:    vector=236
    mg.W-30035   0d.h. 1686265655.364692306: local_timer_exit:     vector=236
    mg.W-30035   0d.h. 1686265655.368680356: local_timer_entry:    vector=236
    mg.W-30035   0d.h. 1686265655.368687436: local_timer_exit:     vector=236
    mg.W-30035   0d.h. 1686265655.372680300: local_timer_entry:    vector=236
    mg.W-30035   0d.h. 1686265655.372685911: local_timer_exit:     vector=236
    mg.W-30035   0d.h. 1686265655.376680676: local_timer_entry:    vector=236
    mg.W-30035   0d.h. 1686265655.376689109: local_timer_exit:     vector=236
    mg.W-30035   0d.h. 1686265655.380680449: local_timer_entry:    vector=236
    mg.W-30035   0d.h. 1686265655.380685543: local_timer_exit:     vector=236
    mg.W-30035   0d.h. 1686265655.384680265: local_timer_entry:    vector=236
    mg.W-30035   0d.h. 1686265655.384687816: local_timer_exit:     vector=236
    mg.W-30035   0d.h. 1686265655.388680778: local_timer_entry:    vector=236
    mg.W-30035   0d.h. 1686265655.388688522: local_timer_exit:     vector=236
    mg.W-30035   0d.h. 1686265655.392680694: local_timer_entry:    vector=236
    mg.W-30035   0d.h. 1686265655.392687842: local_timer_exit:     vector=236
    mg.W-30035   0d.h. 1686265655.396680265: local_timer_entry:    vector=236
    mg.W-30035   0d.h. 1686265655.396684647: local_timer_exit:     vector=236
    mg.W-30035   0d.h. 1686265655.400680391: local_timer_entry:    vector=236
    mg.W-30035   0d.h. 1686265655.400689720: local_timer_exit:     vector=236
    mg.W-30035   0d.h. 1686265655.404680636: local_timer_entry:    vector=236
    mg.W-30035   0d.h. 1686265655.404685529: local_timer_exit:     vector=236
    mg.W-30035   0d.h. 1686265655.408680634: local_timer_entry:    vector=236
    mg.W-30035   0d.h. 1686265655.408687540: local_timer_exit:     vector=236
    mg.W-30035   0d.h. 1686265655.412680774: local_timer_entry:    vector=236
    mg.W-30035   0d.h. 1686265655.412690069: local_timer_exit:     vector=236
    mg.W-30035   0d.h. 1686265655.416680494: local_timer_entry:    vector=236
    mg.W-30035   0d.h. 1686265655.416685669: local_timer_exit:     vector=236
    mg.W-30035   0d.h. 1686265655.420680685: local_timer_entry:    vector=236
    mg.W-30035   0d.h. 1686265655.420690078: local_timer_exit:     vector=236
    mg.W-30035   0d.h. 1686265655.424680756: local_timer_entry:    vector=236
    mg.W-30035   0d.h. 1686265655.424687762: local_timer_exit:     vector=236
    mg.W-30035   0d.h. 1686265655.428680605: local_timer_entry:    vector=236
    mg.W-30035   0d.h. 1686265655.428687007: local_timer_exit:     vector=236
    mg.W-30035   0d.h. 1686265655.432680509: local_timer_entry:    vector=236
    mg.W-30035   0d.h. 1686265655.432688954: local_timer_exit:     vector=236
    mg.W-30035   0d.h. 1686265655.436680625: local_timer_entry:    vector=236
    mg.W-30035   0d.h. 1686265655.436687096: local_timer_exit:     vector=236
    mg.W-30035   0d.h. 1686265655.440680665: local_timer_entry:    vector=236
    mg.W-30035   0d.h. 1686265655.440689536: local_timer_exit:     vector=236
    mg.W-30035   0d.h. 1686265655.444680738: local_timer_entry:    vector=236
    mg.W-30035   0d.h. 1686265655.444687847: local_timer_exit:     vector=236
    mg.W-30035   0d.h. 1686265655.448680600: local_timer_entry:    vector=236
    mg.W-30035   0d.h. 1686265655.448686729: local_timer_exit:     vector=236
    mg.W-30035   0d.h. 1686265655.452680660: local_timer_entry:    vector=236
    mg.W-30035   0d.h. 1686265655.452689178: local_timer_exit:     vector=236
    mg.W-30035   0d.h. 1686265655.456680567: local_timer_entry:    vector=236
    mg.W-30035   0d.h. 1686265655.456687005: local_timer_exit:     vector=236
    mg.W-30035   0d.h. 1686265655.460680669: local_timer_entry:    vector=236
    mg.W-30035   0d.h. 1686265655.460690120: local_timer_exit:     vector=236
    mg.W-30035   0d.h. 1686265655.464680954: local_timer_entry:    vector=236
    mg.W-30035   0d.h. 1686265655.464688974: local_timer_exit:     vector=236
    mg.W-30035   0d.h. 1686265655.468680451: local_timer_entry:    vector=236
    mg.W-30035   0d.h. 1686265655.468686618: local_timer_exit:     vector=236
    mg.W-30035   0d.h. 1686265655.472680776: local_timer_entry:    vector=236
    mg.W-30035   0d.h. 1686265655.472689607: local_timer_exit:     vector=236
    mg.W-30035   0d.h. 1686265655.476680667: local_timer_entry:    vector=236
    mg.W-30035   0d.h. 1686265655.476686022: local_timer_exit:     vector=236
    mg.W-30035   0d.h. 1686265655.477083904: irq_handler_entry:    irq=39 name=eno1-TxRx-1
    mg.W-30035   0d.h. 1686265655.477085429: irq_handler_exit:     irq=39 ret=handled
    mg.W-30035   0d.h. 1686265655.477134615: irq_handler_entry:    irq=39 name=eno1-TxRx-1
    mg.W-30035   0d.h. 1686265655.477135399: irq_handler_exit:     irq=39 ret=handled
    mg.W-30035   0d.h. 1686265655.480680756: local_timer_entry:    vector=236
    mg.W-30035   0d.h. 1686265655.480690794: local_timer_exit:     vector=236
    mg.W-30035   0d.h. 1686265655.484680847: local_timer_entry:    vector=236
    mg.W-30035   0d.h. 1686265655.484690280: local_timer_exit:     vector=236
    mg.W-30035   0d.h. 1686265655.488680620: local_timer_entry:    vector=236
    mg.W-30035   0d.h. 1686265655.488686814: local_timer_exit:     vector=236
    mg.W-30035   0d.h. 1686265655.492680691: local_timer_entry:    vector=236
    mg.W-30035   0d.h. 1686265655.492689165: local_timer_exit:     vector=236
    mg.W-30035   0d.h. 1686265655.496680716: local_timer_entry:    vector=236
    mg.W-30035   0d.h. 1686265655.496688691: local_timer_exit:     vector=236
    mg.W-30035   0d.h. 1686265655.500680960: local_timer_entry:    vector=236
    mg.W-30035   0d.h. 1686265655.500687198: local_timer_exit:     vector=236
    mg.W-30035   0d.h. 1686265655.504680798: local_timer_entry:    vector=236
    mg.W-30035   0d.h. 1686265655.504689805: local_timer_exit:     vector=236
    mg.W-30035   0d.h. 1686265655.508680667: local_timer_entry:    vector=236
    mg.W-30035   0d.h. 1686265655.508687107: local_timer_exit:     vector=236
    mg.W-30035   0d.h. 1686265655.512681142: local_timer_entry:    vector=236
    mg.W-30035   0d.h. 1686265655.512688669: local_timer_exit:     vector=236
    mg.W-30035   0d.h. 1686265655.516681058: local_timer_entry:    vector=236
    mg.W-30035   0d.h. 1686265655.516688591: local_timer_exit:     vector=236
    mg.W-30035   0d.h. 1686265655.520680754: local_timer_entry:    vector=236
    mg.W-30035   0d.h. 1686265655.520688965: local_timer_exit:     vector=236
    mg.W-30035   0d.h. 1686265655.524680749: local_timer_entry:    vector=236
    mg.W-30035   0d.h. 1686265655.524689676: local_timer_exit:     vector=236
    mg.W-30035   0d.h. 1686265655.528680778: local_timer_entry:    vector=236
    mg.W-30035   0d.h. 1686265655.528686136: local_timer_exit:     vector=236
    mg.W-30035   0d.h. 1686265655.532681029: local_timer_entry:    vector=236
    mg.W-30035   0d.h. 1686265655.532690478: local_timer_exit:     vector=236
    mg.W-30035   0d.h. 1686265655.536681427: local_timer_entry:    vector=236
    mg.W-30035   0d.h. 1686265655.536689207: local_timer_exit:     vector=236
    mg.W-30035   0d.h. 1686265655.540680676: local_timer_entry:    vector=236
    mg.W-30035   0d.h. 1686265655.540686338: local_timer_exit:     vector=236
    mg.W-30035   0d.h. 1686265655.544680805: local_timer_entry:    vector=236
    mg.W-30035   0d.h. 1686265655.544690669: local_timer_exit:     vector=236
    mg.W-30035   0d.h. 1686265655.548680818: local_timer_entry:    vector=236
    mg.W-30035   0d.h. 1686265655.548685447: local_timer_exit:     vector=236
    mg.W-30035   0d.h. 1686265655.552681105: local_timer_entry:    vector=236
    mg.W-30035   0d.h. 1686265655.552688960: local_timer_exit:     vector=236
    mg.W-30035   0d.h. 1686265655.556680951: local_timer_entry:    vector=236
    mg.W-30035   0d.h. 1686265655.556687571: local_timer_exit:     vector=236
    mg.W-30035   0d.h. 1686265655.560680767: local_timer_entry:    vector=236
    mg.W-30035   0d.h. 1686265655.560685185: local_timer_exit:     vector=236
    mg.W-30035   0d.h. 1686265655.564680818: local_timer_entry:    vector=236
    mg.W-30035   0d.h. 1686265655.564688118: local_timer_exit:     vector=236
    mg.W-30035   0d.h. 1686265655.568680771: local_timer_entry:    vector=236
    mg.W-30035   0d.h. 1686265655.568687931: local_timer_exit:     vector=236
    mg.W-30035   0d.h. 1686265655.572680936: local_timer_entry:    vector=236
    mg.W-30035   0d.h. 1686265655.572687109: local_timer_exit:     vector=236
    mg.W-30035   0d.h. 1686265655.576680976: local_timer_entry:    vector=236
    mg.W-30035   0d.h. 1686265655.576690065: local_timer_exit:     vector=236
    mg.W-30035   0d.h. 1686265655.580680914: local_timer_entry:    vector=236
    mg.W-30035   0d.h. 1686265655.580686276: local_timer_exit:     vector=236
    mg.W-30035   0d.h. 1686265655.584680929: local_timer_entry:    vector=236
    mg.W-30035   0d.h. 1686265655.584688349: local_timer_exit:     vector=236
    mg.W-30035   0d.h. 1686265655.588681194: local_timer_entry:    vector=236
    mg.W-30035   0d.h. 1686265655.588688771: local_timer_exit:     vector=236
    mg.W-30035   0d.h. 1686265655.592680885: local_timer_entry:    vector=236
    mg.W-30035   0d.h. 1686265655.592688718: local_timer_exit:     vector=236
    mg.W-30035   0d.h. 1686265655.596681040: local_timer_entry:    vector=236
    mg.W-30035   0d.h. 1686265655.596689785: local_timer_exit:     vector=236
    mg.W-30035   0d.h. 1686265655.600680974: local_timer_entry:    vector=236
    mg.W-30035   0d.h. 1686265655.600685425: local_timer_exit:     vector=236
    mg.W-30035   0d.h. 1686265655.604681256: local_timer_entry:    vector=236
    mg.W-30035   0d.h. 1686265655.604689636: local_timer_exit:     vector=236
    mg.W-30035   0d.h. 1686265655.608681318: local_timer_entry:    vector=236
    mg.W-30035   0d.h. 1686265655.608689389: local_timer_exit:     vector=236
    mg.W-30035   0d.h. 1686265655.612681014: local_timer_entry:    vector=236
    mg.W-30035   0d.h. 1686265655.612685571: local_timer_exit:     vector=236
    mg.W-30035   0d.h. 1686265655.616680911: local_timer_entry:    vector=236
    mg.W-30035   0d.h. 1686265655.616689905: local_timer_exit:     vector=236
    mg.W-30035   0d.h. 1686265655.620681096: local_timer_entry:    vector=236
    mg.W-30035   0d.h. 1686265655.620687056: local_timer_exit:     vector=236
    mg.W-30035   0d.h. 1686265655.624681147: local_timer_entry:    vector=236
    mg.W-30035   0d.h. 1686265655.624690016: local_timer_exit:     vector=236
    mg.W-30035   0d.h. 1686265655.628681318: local_timer_entry:    vector=236
    mg.W-30035   0d.h. 1686265655.628690231: local_timer_exit:     vector=236
    mg.W-30035   0d.h. 1686265655.632680894: local_timer_entry:    vector=236
    mg.W-30035   0d.h. 1686265655.632685691: local_timer_exit:     vector=236
    mg.W-30035   0d.h. 1686265655.636681271: local_timer_entry:    vector=236
    mg.W-30035   0d.h. 1686265655.636689093: local_timer_exit:     vector=236
    mg.W-30035   0d.h. 1686265655.640681216: local_timer_entry:    vector=236
    mg.W-30035   0d.h. 1686265655.640687649: local_timer_exit:     vector=236
    mg.W-30035   0d.h. 1686265655.644681109: local_timer_entry:    vector=236
    mg.W-30035   0d.h. 1686265655.644688376: local_timer_exit:     vector=236
    mg.W-30035   0d.h. 1686265655.648681478: local_timer_entry:    vector=236
    mg.W-30035   0d.h. 1686265655.648689945: local_timer_exit:     vector=236
    mg.W-30035   0d.h. 1686265655.652681116: local_timer_entry:    vector=236
    mg.W-30035   0d.h. 1686265655.652686302: local_timer_exit:     vector=236
    mg.W-30035   0d.h. 1686265655.656681054: local_timer_entry:    vector=236
    mg.W-30035   0d.h. 1686265655.656689165: local_timer_exit:     vector=236
    mg.W-30035   0d.h. 1686265655.660681469: local_timer_entry:    vector=236
    mg.W-30035   0d.h. 1686265655.660688647: local_timer_exit:     vector=236
    mg.W-30035   0d.h. 1686265655.664681276: local_timer_entry:    vector=236
    mg.W-30035   0d.h. 1686265655.664688669: local_timer_exit:     vector=236
    mg.W-30035   0d.h. 1686265655.668681038: local_timer_entry:    vector=236
    mg.W-30035   0d.h. 1686265655.668689418: local_timer_exit:     vector=236
    mg.W-30035   0d.h. 1686265655.672681660: local_timer_entry:    vector=236
    mg.W-30035   0d.h. 1686265655.672688351: local_timer_exit:     vector=236
    mg.W-30035   0d.h. 1686265655.676681476: local_timer_entry:    vector=236
    mg.W-30035   0d.h. 1686265655.676690411: local_timer_exit:     vector=236
    mg.W-30035   0d.h. 1686265655.680681507: local_timer_entry:    vector=236
    mg.W-30035   0d.h. 1686265655.680688731: local_timer_exit:     vector=236
    mg.W-30035   0d.h. 1686265655.684681029: local_timer_entry:    vector=236
    mg.W-30035   0d.h. 1686265655.684685949: local_timer_exit:     vector=236
    mg.W-30035   0d.h. 1686265655.688681158: local_timer_entry:    vector=236
    mg.W-30035   0d.h. 1686265655.688690680: local_timer_exit:     vector=236
    mg.W-30035   0d.h. 1686265655.692681262: local_timer_entry:    vector=236
    mg.W-30035   0d.h. 1686265655.692686193: local_timer_exit:     vector=236
    mg.W-30035   0d.h. 1686265655.696681356: local_timer_entry:    vector=236
    mg.W-30035   0d.h. 1686265655.696690818: local_timer_exit:     vector=236
    mg.W-30035   0d.h. 1686265655.700681485: local_timer_entry:    vector=236
    mg.W-30035   0d.h. 1686265655.700690760: local_timer_exit:     vector=236
    mg.W-30035   0d.h. 1686265655.704681131: local_timer_entry:    vector=236
    mg.W-30035   0d.h. 1686265655.704687151: local_timer_exit:     vector=236
    mg.W-30035   0d.h. 1686265655.708681254: local_timer_entry:    vector=236
    mg.W-30035   0d.h. 1686265655.708689911: local_timer_exit:     vector=236
    mg.W-30035   0d.h. 1686265655.712681607: local_timer_entry:    vector=236
    mg.W-30035   0d.h. 1686265655.712687733: local_timer_exit:     vector=236
    mg.W-30035   0d.h. 1686265655.716681351: local_timer_entry:    vector=236
    mg.W-30035   0d.h. 1686265655.716688318: local_timer_exit:     vector=236
    mg.W-30035   0d.h. 1686265655.720681336: local_timer_entry:    vector=236
    mg.W-30035   0d.h. 1686265655.720689778: local_timer_exit:     vector=236
    mg.W-30035   0d.h. 1686265655.724681085: local_timer_entry:    vector=236
    mg.W-30035   0d.h. 1686265655.724686096: local_timer_exit:     vector=236
    mg.W-30035   0d.h. 1686265655.728681385: local_timer_entry:    vector=236
    mg.W-30035   0d.h. 1686265655.728689096: local_timer_exit:     vector=236
    mg.W-30035   0d.h. 1686265655.732681456: local_timer_entry:    vector=236
    mg.W-30035   0d.h. 1686265655.732687811: local_timer_exit:     vector=236
    mg.W-30035   0d.h. 1686265655.736681285: local_timer_entry:    vector=236
    mg.W-30035   0d.h. 1686265655.736689360: local_timer_exit:     vector=236
    mg.W-30035   0d.h. 1686265655.740681158: local_timer_entry:    vector=236
    mg.W-30035   0d.h. 1686265655.740690618: local_timer_exit:     vector=236
    mg.W-30035   0d.h. 1686265655.744681507: local_timer_entry:    vector=236
    mg.W-30035   0d.h. 1686265655.744685962: local_timer_exit:     vector=236
    mg.W-30035   0d.h. 1686265655.748681511: local_timer_entry:    vector=236
    mg.W-30035   0d.h. 1686265655.748690524: local_timer_exit:     vector=236
    mg.W-30035   0d.h. 1686265655.752681693: local_timer_entry:    vector=236
    mg.W-30035   0d.h. 1686265655.752689762: local_timer_exit:     vector=236
    mg.W-30035   0d.h. 1686265655.756681482: local_timer_entry:    vector=236
    mg.W-30035   0d.h. 1686265655.756686047: local_timer_exit:     vector=236
    mg.W-30035   0d.h. 1686265655.760681318: local_timer_entry:    vector=236
    mg.W-30035   0d.h. 1686265655.760689660: local_timer_exit:     vector=236
    mg.W-30035   0d.h. 1686265655.764681225: local_timer_entry:    vector=236
    mg.W-30035   0d.h. 1686265655.764686111: local_timer_exit:     vector=236
    mg.W-30035   0d.h. 1686265655.768681376: local_timer_entry:    vector=236
    mg.W-30035   0d.h. 1686265655.768689751: local_timer_exit:     vector=236
    mg.W-30035   0d.h. 1686265655.772681333: local_timer_entry:    vector=236
    mg.W-30035   0d.h. 1686265655.772690476: local_timer_exit:     vector=236
    mg.W-30035   0d.h. 1686265655.776681247: local_timer_entry:    vector=236
    mg.W-30035   0d.h. 1686265655.776687329: local_timer_exit:     vector=236
    mg.W-30035   0d.h. 1686265655.780681333: local_timer_entry:    vector=236
    mg.W-30035   0d.h. 1686265655.780690331: local_timer_exit:     vector=236
    mg.W-30035   0d.h. 1686265655.784681642: local_timer_entry:    vector=236
    mg.W-30035   0d.h. 1686265655.784687562: local_timer_exit:     vector=236
    mg.W-30035   0d.h. 1686265655.788681729: local_timer_entry:    vector=236
    mg.W-30035   0d.h. 1686265655.788689580: local_timer_exit:     vector=236
    mg.W-30035   0d.h. 1686265655.792682033: local_timer_entry:    vector=236
    mg.W-30035   0d.h. 1686265655.792690002: local_timer_exit:     vector=236
    mg.W-30035   0d.h. 1686265655.796681289: local_timer_entry:    vector=236
    mg.W-30035   0d.h. 1686265655.796686393: local_timer_exit:     vector=236
  <idle>-0       0d.h. 1686265655.800683367: local_timer_entry:    vector=236
  <idle>-0       0d.h. 1686265655.800690542: local_timer_exit:     vector=236
  <idle>-0       0d.h. 1686265655.804684693: local_timer_entry:    vector=236
  <idle>-0       0d.h. 1686265655.804693262: local_timer_exit:     vector=236
  <idle>-0       0d.h. 1686265655.808685922: local_timer_entry:    vector=236
  <idle>-0       0d.h. 1686265655.808695699: local_timer_exit:     vector=236
  <idle>-0       0d.h. 1686265655.812686183: local_timer_entry:    vector=236
  <idle>-0       0d.h. 1686265655.812696470: local_timer_exit:     vector=236
  <idle>-0       0d.h. 1686265655.816685961: local_timer_entry:    vector=236
  <idle>-0       0d.h. 1686265655.816693824: local_timer_exit:     vector=236
  <idle>-0       0d.h. 1686265655.820688389: local_timer_entry:    vector=236
  <idle>-0       0d.h. 1686265655.820698555: local_timer_exit:     vector=236
  <idle>-0       0d.h. 1686265655.824687360: local_timer_entry:    vector=236
  <idle>-0       0d.h. 1686265655.824695183: local_timer_exit:     vector=236
  <idle>-0       0d.h. 1686265655.828687828: local_timer_entry:    vector=236
  <idle>-0       0d.h. 1686265655.828698234: local_timer_exit:     vector=236
  <idle>-0       0d.h. 1686265656.212691828: local_timer_entry:    vector=236
  <idle>-0       0d.h. 1686265656.212699571: local_timer_exit:     vector=236
  <idle>-0       0d.H. 1686265656.212703734: reschedule_entry:     vector=253
  <idle>-0       0d.H. 1686265656.212705524: reschedule_exit:      vector=253
  <idle>-0       0d.h. 1686265656.216687382: local_timer_entry:    vector=236
  <idle>-0       0d.h. 1686265656.216695019: local_timer_exit:     vector=236
  <idle>-0       0d.h. 1686265656.220687200: local_timer_entry:    vector=236
  <idle>-0       0d.h. 1686265656.220694983: local_timer_exit:     vector=236
  <idle>-0       0d.h. 1686265656.224687091: local_timer_entry:    vector=236
  <idle>-0       0d.h. 1686265656.224697764: local_timer_exit:     vector=236
  <idle>-0       0d.h. 1686265656.228687962: local_timer_entry:    vector=236
  <idle>-0       0d.h. 1686265656.228697569: local_timer_exit:     vector=236
  <idle>-0       0d.h. 1686265656.232687753: local_timer_entry:    vector=236
  <idle>-0       0d.h. 1686265656.232697440: local_timer_exit:     vector=236
  <idle>-0       0d.h. 1686265656.236688544: local_timer_entry:    vector=236
  <idle>-0       0d.h. 1686265656.236698714: local_timer_exit:     vector=236
  <idle>-0       0d.h. 1686265656.240687082: local_timer_entry:    vector=236
  <idle>-0       0d.h. 1686265656.240696769: local_timer_exit:     vector=236
  <idle>-0       0d.h. 1686265656.308881915: irq_handler_entry:    irq=39 name=eno1-TxRx-1
  <idle>-0       0d.h. 1686265656.308884078: irq_handler_exit:     irq=39 ret=handled
  <idle>-0       0d.h. 1686265656.564774394: reschedule_entry:     vector=253
  <idle>-0       0d.h. 1686265656.564777031: reschedule_exit:      vector=253
  <idle>-0       0d.h. 1686265657.220734100: reschedule_entry:     vector=253
  <idle>-0       0d.h. 1686265657.220736803: reschedule_exit:      vector=253
  <idle>-0       0d.h. 1686265657.236694735: local_timer_entry:    vector=236
  <idle>-0       0d.h. 1686265657.236701905: local_timer_exit:     vector=236
  <idle>-0       0d.h. 1686265657.564693162: local_timer_entry:    vector=236
  <idle>-0       0dNh. 1686265657.564705206: local_timer_exit:     vector=236
  <idle>-0       0d.h. 1686265657.684696396: local_timer_entry:    vector=236
  <idle>-0       0d.h. 1686265657.684704249: local_timer_exit:     vector=236
  <idle>-0       0d.h. 1686265657.872731367: reschedule_entry:     vector=253
  <idle>-0       0d.h. 1686265657.872734077: reschedule_exit:      vector=253
  <idle>-0       0d.h. 1686265657.952673964: irq_handler_entry:    irq=39 name=eno1-TxRx-1
  <idle>-0       0d.h. 1686265657.952676064: irq_handler_exit:     irq=39 ret=handled
  <idle>-0       0d.h. 1686265657.952688683: irq_handler_entry:    irq=39 name=eno1-TxRx-1
  <idle>-0       0d.h. 1686265657.952689217: irq_handler_exit:     irq=39 ret=handled
  <idle>-0       0d.h. 1686265657.952702350: local_timer_entry:    vector=236
  <idle>-0       0d.h. 1686265657.952707113: local_timer_exit:     vector=236
  <idle>-0       0d.h. 1686265657.981079243: irq_handler_entry:    irq=39 name=eno1-TxRx-1
  <idle>-0       0d.h. 1686265657.981081330: irq_handler_exit:     irq=39 ret=handled
  <idle>-0       0d.h. 1686265658.068696999: local_timer_entry:    vector=236
  <idle>-0       0d.h. 1686265658.068704069: local_timer_exit:     vector=236
  <idle>-0       0dNh. 1686265658.145453267: reschedule_entry:     vector=253
  <idle>-0       0dNh. 1686265658.145458657: reschedule_exit:      vector=253
